
RAxML-NG v. 1.0.1 released on 19.09.2020 by The Exelixis Lab.
Developed by: Alexey M. Kozlov and Alexandros Stamatakis.
Contributors: Diego Darriba, Tomas Flouri, Benoit Morel, Sarah Lutteropp, Ben Bettisworth.
Latest version: https://github.com/amkozlov/raxml-ng
Questions/problems/suggestions? Please visit: https://groups.google.com/forum/#!forum/raxml

System: Intel(R) Xeon(R) CPU E5-2695 v4 @ 2.10GHz, 36 cores, 251 GB RAM

RAxML-NG was called at 27-Dec-2020 00:49:38 as follows:

raxml-ng --redo --search --msa /volumes/hd2/jeff/paprica/ref_genome_database/eukarya/combined_18S.eukarya.tax.Raphidophyceae.raxml.rba --prefix /volumes/hd2/jeff/paprica/ref_genome_database/eukarya/combined_18S.eukarya.tax.Raphidophyceae --workers 18 --tree pars{9},rand{9} --threads 36

Analysis options:
  run mode: ML tree search
  start tree(s): random (9) + parsimony (9)
  random seed: 1609058978
  tip-inner: OFF
  pattern compression: ON
  per-rate scalers: OFF
  site repeats: ON
  fast spr radius: AUTO
  spr subtree cutoff: 1.000000
  branch lengths: proportional (ML estimate, algorithm: NR-FAST)
  SIMD kernels: AVX2
  parallelization: coarse-grained (18 workers), PTHREADS (36 threads), thread pinning: OFF

WARNING: Running in REDO mode: existing checkpoints are ignored, and all result files will be overwritten!

[00:00:00] Loading binary alignment from file: /volumes/hd2/jeff/paprica/ref_genome_database/eukarya/combined_18S.eukarya.tax.Raphidophyceae.raxml.rba
[00:00:00] Alignment comprises 27 taxa, 1 partitions and 265 patterns

Partition 0: noname
Model: GTR+FO+G4m
Alignment sites / patterns: 1737 / 265
Gaps: 2.36 %
Invariant sites: 81.75 %


Parallel reduction/worker buffer size: 1 KB  / 0 KB

[00:00:00] Generating 9 random starting tree(s) with 27 taxa
[00:00:00] Generating 9 parsimony starting tree(s) with 27 taxa
[00:00:00] Data distribution: max. partitions/sites/weight per thread: 1 / 133 / 2128
[00:00:00] Data distribution: max. searches per worker: 1

Starting ML tree search with 18 distinct starting trees

[00:00:00 -11532.876776] Initial branch length optimization
[00:00:00 -9320.831312] Model parameter optimization (eps = 10.000000)
[00:00:00 -7654.528385] AUTODETECT spr round 1 (radius: 5)
[00:00:00 -5719.204863] AUTODETECT spr round 2 (radius: 10)
[00:00:00 -5643.263580] AUTODETECT spr round 3 (radius: 15)
[00:00:00 -5643.257430] SPR radius for FAST iterations: 10 (autodetect)
[00:00:00 -5643.257430] Model parameter optimization (eps = 3.000000)
[00:00:00 -5634.369211] FAST spr round 1 (radius: 10)
[00:00:00] [worker #10] ML tree search #11, logLikelihood: -5199.352901
[00:00:00] [worker #11] ML tree search #12, logLikelihood: -5199.352901
[00:00:00] [worker #13] ML tree search #14, logLikelihood: -5199.352901
[00:00:00] [worker #12] ML tree search #13, logLikelihood: -5199.352903
[00:00:00 -5201.503761] FAST spr round 2 (radius: 10)
[00:00:00] [worker #14] ML tree search #15, logLikelihood: -5199.352907
[00:00:00] [worker #15] ML tree search #16, logLikelihood: -5199.352908
[00:00:00 -5201.503681] Model parameter optimization (eps = 1.000000)
[00:00:00] [worker #9] ML tree search #10, logLikelihood: -5199.352910
[00:00:00] [worker #2] ML tree search #3, logLikelihood: -5199.352894
[00:00:00 -5199.354013] SLOW spr round 1 (radius: 5)
[00:00:00] [worker #6] ML tree search #7, logLikelihood: -5199.352895
[00:00:00] [worker #5] ML tree search #6, logLikelihood: -5199.352964
[00:00:00] [worker #17] ML tree search #18, logLikelihood: -5199.352899
[00:00:00] [worker #4] ML tree search #5, logLikelihood: -5199.352904
[00:00:00] [worker #3] ML tree search #4, logLikelihood: -5199.352946
[00:00:00] [worker #8] ML tree search #9, logLikelihood: -5199.352894
[00:00:00] [worker #16] ML tree search #17, logLikelihood: -5199.352904
[00:00:00] [worker #1] ML tree search #2, logLikelihood: -5199.352951
[00:00:00 -5199.353948] SLOW spr round 2 (radius: 10)
[00:00:00] [worker #7] ML tree search #8, logLikelihood: -5199.353047
[00:00:00 -5199.353948] SLOW spr round 3 (radius: 15)
[00:00:00 -5199.353948] SLOW spr round 4 (radius: 20)
[00:00:00 -5199.353948] SLOW spr round 5 (radius: 25)
[00:00:00 -5199.353948] Model parameter optimization (eps = 0.100000)

[00:00:00] [worker #0] ML tree search #1, logLikelihood: -5199.352911


Optimized model parameters:

   Partition 0: noname
   Rate heterogeneity: GAMMA (4 cats, mean),  alpha: 0.020140 (ML),  weights&rates: (0.250000,0.000000) (0.250000,0.000000) (0.250000,0.000001) (0.250000,3.999999) 
   Base frequencies (ML): 0.255932 0.196829 0.258215 0.289024 
   Substitution rates (ML): 0.637271 1.090058 0.708695 0.928856 2.348798 1.000000 


Final LogLikelihood: -5199.352894

AIC score: 10518.705788 / AICc score: 10523.073329 / BIC score: 10846.300673
Free parameters (model + branch lengths): 60

WARNING: Best ML tree contains 14 near-zero branches!

Best ML tree with collapsed near-zero branches saved to: /volumes/hd2/jeff/paprica/ref_genome_database/eukarya/combined_18S.eukarya.tax.Raphidophyceae.raxml.bestTreeCollapsed
Best ML tree saved to: /volumes/hd2/jeff/paprica/ref_genome_database/eukarya/combined_18S.eukarya.tax.Raphidophyceae.raxml.bestTree
All ML trees saved to: /volumes/hd2/jeff/paprica/ref_genome_database/eukarya/combined_18S.eukarya.tax.Raphidophyceae.raxml.mlTrees
Optimized model saved to: /volumes/hd2/jeff/paprica/ref_genome_database/eukarya/combined_18S.eukarya.tax.Raphidophyceae.raxml.bestModel

Execution log saved to: /volumes/hd2/jeff/paprica/ref_genome_database/eukarya/combined_18S.eukarya.tax.Raphidophyceae.raxml.log

Analysis started: 27-Dec-2020 00:49:38 / finished: 27-Dec-2020 00:49:39

Elapsed time: 0.940 seconds

