
RAxML-NG v. 1.0.1 released on 19.09.2020 by The Exelixis Lab.
Developed by: Alexey M. Kozlov and Alexandros Stamatakis.
Contributors: Diego Darriba, Tomas Flouri, Benoit Morel, Sarah Lutteropp, Ben Bettisworth.
Latest version: https://github.com/amkozlov/raxml-ng
Questions/problems/suggestions? Please visit: https://groups.google.com/forum/#!forum/raxml

System: Intel(R) Xeon(R) CPU E5-2695 v4 @ 2.10GHz, 36 cores, 251 GB RAM

RAxML-NG was called at 25-Mar-2022 03:05:39 as follows:

raxml-ng --redo --search --msa /volumes/hd2/jeff/paprica/ref_genome_database/bacteria/combined_16S.23S.bacteria.tax.Chlorobi.raxml.rba --prefix /volumes/hd2/jeff/paprica/ref_genome_database/bacteria/combined_16S.23S.bacteria.tax.Chlorobi --workers 18 --tree pars{9},rand{9} --threads 36

Analysis options:
  run mode: ML tree search
  start tree(s): random (9) + parsimony (9)
  random seed: 1648202739
  tip-inner: OFF
  pattern compression: ON
  per-rate scalers: OFF
  site repeats: ON
  fast spr radius: AUTO
  spr subtree cutoff: 1.000000
  branch lengths: proportional (ML estimate, algorithm: NR-FAST)
  SIMD kernels: AVX2
  parallelization: coarse-grained (18 workers), PTHREADS (36 threads), thread pinning: OFF

WARNING: Running in REDO mode: existing checkpoints are ignored, and all result files will be overwritten!

[00:00:00] Loading binary alignment from file: /volumes/hd2/jeff/paprica/ref_genome_database/bacteria/combined_16S.23S.bacteria.tax.Chlorobi.raxml.rba
[00:00:00] Alignment comprises 13 taxa, 2 partitions and 648 patterns

Partition 0: 16S
Model: GTR+FO+G4m+B
Alignment sites / patterns: 1522 / 233
Gaps: 1.44 %
Invariant sites: 81.80 %

Partition 1: 23S
Model: GTR+FO+G4m+B
Alignment sites / patterns: 2960 / 415
Gaps: 1.84 %
Invariant sites: 82.77 %


Parallel reduction/worker buffer size: 1 KB  / 0 KB

[00:00:00] Generating 9 random starting tree(s) with 13 taxa
[00:00:00] Generating 9 parsimony starting tree(s) with 13 taxa
[00:00:00] Data distribution: max. partitions/sites/weight per thread: 2 / 324 / 5184
[00:00:00] Data distribution: max. searches per worker: 1

Starting ML tree search with 18 distinct starting trees

[00:00:00 -18978.234914] Initial branch length optimization
[00:00:00 -16627.547739] Model parameter optimization (eps = 10.000000)
[00:00:00 -15179.355289] AUTODETECT spr round 1 (radius: 5)
[00:00:00 -14111.808440] AUTODETECT spr round 2 (radius: 10)
[00:00:00 -14111.807989] SPR radius for FAST iterations: 5 (autodetect)
[00:00:00 -14111.807989] Model parameter optimization (eps = 3.000000)
[00:00:00 -14105.084843] FAST spr round 1 (radius: 5)
[00:00:00 -14085.505948] FAST spr round 2 (radius: 5)
[00:00:00 -14085.038136] FAST spr round 3 (radius: 5)
[00:00:00] [worker #15] ML tree search #16, logLikelihood: -14082.828716
[00:00:00] [worker #10] ML tree search #11, logLikelihood: -14082.828678
[00:00:00] [worker #11] ML tree search #12, logLikelihood: -14082.828682
[00:00:00] [worker #17] ML tree search #18, logLikelihood: -14082.828717
[00:00:00] [worker #9] ML tree search #10, logLikelihood: -14082.828661
[00:00:00] [worker #12] ML tree search #13, logLikelihood: -14082.828727
[00:00:01 -14085.037970] Model parameter optimization (eps = 1.000000)
[00:00:01 -14084.282628] SLOW spr round 1 (radius: 5)
[00:00:01] [worker #13] ML tree search #14, logLikelihood: -14082.828698
[00:00:01] [worker #16] ML tree search #17, logLikelihood: -14082.828595
[00:00:01] [worker #7] ML tree search #8, logLikelihood: -14084.253931
[00:00:01] [worker #1] ML tree search #2, logLikelihood: -14082.829321
[00:00:01] [worker #14] ML tree search #15, logLikelihood: -14084.251515
[00:00:01] [worker #4] ML tree search #5, logLikelihood: -14084.254179
[00:00:01] [worker #3] ML tree search #4, logLikelihood: -14082.831299
[00:00:01 -14084.281967] SLOW spr round 2 (radius: 10)
[00:00:01] [worker #8] ML tree search #9, logLikelihood: -14084.252021
[00:00:01] [worker #5] ML tree search #6, logLikelihood: -14084.253397
[00:00:01] [worker #6] ML tree search #7, logLikelihood: -14084.251341
[00:00:01 -14084.281966] Model parameter optimization (eps = 0.100000)

[00:00:01] [worker #0] ML tree search #1, logLikelihood: -14084.253597

[00:00:01] [worker #2] ML tree search #3, logLikelihood: -14082.836416


Final LogLikelihood: -14082.828595

AIC score: 28249.657189 / AICc score: 28250.470886 / BIC score: 28518.785825
Free parameters (model + branch lengths): 42

Best ML tree saved to: /volumes/hd2/jeff/paprica/ref_genome_database/bacteria/combined_16S.23S.bacteria.tax.Chlorobi.raxml.bestTree
All ML trees saved to: /volumes/hd2/jeff/paprica/ref_genome_database/bacteria/combined_16S.23S.bacteria.tax.Chlorobi.raxml.mlTrees
Optimized model saved to: /volumes/hd2/jeff/paprica/ref_genome_database/bacteria/combined_16S.23S.bacteria.tax.Chlorobi.raxml.bestModel

Execution log saved to: /volumes/hd2/jeff/paprica/ref_genome_database/bacteria/combined_16S.23S.bacteria.tax.Chlorobi.raxml.log

Analysis started: 25-Mar-2022 03:05:39 / finished: 25-Mar-2022 03:05:40

Elapsed time: 1.622 seconds

