
RAxML-NG v. 1.0.1 released on 19.09.2020 by The Exelixis Lab.
Developed by: Alexey M. Kozlov and Alexandros Stamatakis.
Contributors: Diego Darriba, Tomas Flouri, Benoit Morel, Sarah Lutteropp, Ben Bettisworth.
Latest version: https://github.com/amkozlov/raxml-ng
Questions/problems/suggestions? Please visit: https://groups.google.com/forum/#!forum/raxml

System: Intel(R) Xeon(R) CPU E5-2695 v4 @ 2.10GHz, 36 cores, 251 GB RAM

RAxML-NG was called at 28-Jan-2021 05:53:35 as follows:

raxml-ng --redo --search --msa /volumes/hd2/jeff/paprica/ref_genome_database/eukarya/combined_18S.eukarya.tax.Conosa.raxml.rba --prefix /volumes/hd2/jeff/paprica/ref_genome_database/eukarya/combined_18S.eukarya.tax.Conosa --workers 18 --tree pars{9},rand{9} --threads 36

Analysis options:
  run mode: ML tree search
  start tree(s): random (9) + parsimony (9)
  random seed: 1611842015
  tip-inner: OFF
  pattern compression: ON
  per-rate scalers: OFF
  site repeats: ON
  fast spr radius: AUTO
  spr subtree cutoff: 1.000000
  branch lengths: proportional (ML estimate, algorithm: NR-FAST)
  SIMD kernels: AVX2
  parallelization: coarse-grained (18 workers), PTHREADS (36 threads), thread pinning: OFF

WARNING: Running in REDO mode: existing checkpoints are ignored, and all result files will be overwritten!

[00:00:00] Loading binary alignment from file: /volumes/hd2/jeff/paprica/ref_genome_database/eukarya/combined_18S.eukarya.tax.Conosa.raxml.rba
[00:00:00] Alignment comprises 103 taxa, 1 partitions and 1598 patterns

Partition 0: noname
Model: GTR+FO+G4m
Alignment sites / patterns: 2219 / 1598
Gaps: 22.69 %
Invariant sites: 28.80 %


Parallel reduction/worker buffer size: 1 KB  / 0 KB

[00:00:00] Generating 9 random starting tree(s) with 103 taxa
[00:00:00] Generating 9 parsimony starting tree(s) with 103 taxa
[00:00:00] Data distribution: max. partitions/sites/weight per thread: 1 / 799 / 12784
[00:00:00] Data distribution: max. searches per worker: 1

Starting ML tree search with 18 distinct starting trees

[00:00:00 -124653.588569] Initial branch length optimization
[00:00:00 -99369.993715] Model parameter optimization (eps = 10.000000)
[00:00:08 -92620.385638] AUTODETECT spr round 1 (radius: 5)
[00:00:09 -76973.146201] AUTODETECT spr round 2 (radius: 10)
[00:00:13 -61599.829654] AUTODETECT spr round 3 (radius: 15)
[00:00:16 -61548.417815] AUTODETECT spr round 4 (radius: 20)
[00:00:18 -61395.061603] AUTODETECT spr round 5 (radius: 25)
[00:00:20 -61376.386727] SPR radius for FAST iterations: 25 (autodetect)
[00:00:20 -61376.386727] Model parameter optimization (eps = 3.000000)
[00:00:21 -61061.268766] FAST spr round 1 (radius: 25)
[00:00:24 -56651.152488] FAST spr round 2 (radius: 25)
[00:00:26 -56481.448028] FAST spr round 3 (radius: 25)
[00:00:28 -56472.866293] FAST spr round 4 (radius: 25)
[00:00:30 -56472.578714] FAST spr round 5 (radius: 25)
[00:00:31 -56472.468193] FAST spr round 6 (radius: 25)
[00:00:33 -56472.468161] Model parameter optimization (eps = 1.000000)
[00:00:33 -56465.846604] SLOW spr round 1 (radius: 5)
[00:00:38 -56462.896976] SLOW spr round 2 (radius: 5)
[00:00:44] [worker #11] ML tree search #12, logLikelihood: -56452.575852
[00:00:44 -56462.896877] SLOW spr round 3 (radius: 10)
[00:00:48] [worker #16] ML tree search #17, logLikelihood: -56467.554733
[00:00:50 -56462.896868] SLOW spr round 4 (radius: 15)
[00:00:53] [worker #14] ML tree search #15, logLikelihood: -56471.350403
[00:00:55] [worker #17] ML tree search #18, logLikelihood: -56467.554093
[00:00:55] [worker #13] ML tree search #14, logLikelihood: -56449.476785
[00:00:55] [worker #10] ML tree search #11, logLikelihood: -56467.554122
[00:00:56 -56462.896867] SLOW spr round 5 (radius: 20)
[00:00:57] [worker #9] ML tree search #10, logLikelihood: -56464.658369
[00:00:58] [worker #12] ML tree search #13, logLikelihood: -56467.554773
[00:01:02 -56462.896867] SLOW spr round 6 (radius: 25)
[00:01:05] [worker #6] ML tree search #7, logLikelihood: -56461.943754
[00:01:05 -56462.896867] Model parameter optimization (eps = 0.100000)

[00:01:05] [worker #0] ML tree search #1, logLikelihood: -56462.839574

[00:01:07] [worker #4] ML tree search #5, logLikelihood: -56473.116422
[00:01:07] [worker #3] ML tree search #4, logLikelihood: -56462.833029
[00:01:08] [worker #2] ML tree search #3, logLikelihood: -56470.603590
[00:01:08] [worker #8] ML tree search #9, logLikelihood: -56468.547874
[00:01:10] [worker #5] ML tree search #6, logLikelihood: -56465.289061
[00:01:13] [worker #15] ML tree search #16, logLikelihood: -56464.134710
[00:01:23] [worker #1] ML tree search #2, logLikelihood: -56461.291326
[00:01:29] [worker #7] ML tree search #8, logLikelihood: -56462.775791

Optimized model parameters:

   Partition 0: noname
   Rate heterogeneity: GAMMA (4 cats, mean),  alpha: 0.349564 (ML),  weights&rates: (0.250000,0.010160) (0.250000,0.143216) (0.250000,0.670384) (0.250000,3.176240) 
   Base frequencies (ML): 0.217605 0.218449 0.284018 0.279927 
   Substitution rates (ML): 1.304296 2.508442 1.772372 0.916495 3.305011 1.000000 


Final LogLikelihood: -56449.476785

AIC score: 113322.953569 / AICc score: 113367.974506 / BIC score: 114532.373697
Free parameters (model + branch lengths): 212

WARNING: Best ML tree contains 2 near-zero branches!

Best ML tree with collapsed near-zero branches saved to: /volumes/hd2/jeff/paprica/ref_genome_database/eukarya/combined_18S.eukarya.tax.Conosa.raxml.bestTreeCollapsed
Best ML tree saved to: /volumes/hd2/jeff/paprica/ref_genome_database/eukarya/combined_18S.eukarya.tax.Conosa.raxml.bestTree
All ML trees saved to: /volumes/hd2/jeff/paprica/ref_genome_database/eukarya/combined_18S.eukarya.tax.Conosa.raxml.mlTrees
Optimized model saved to: /volumes/hd2/jeff/paprica/ref_genome_database/eukarya/combined_18S.eukarya.tax.Conosa.raxml.bestModel

Execution log saved to: /volumes/hd2/jeff/paprica/ref_genome_database/eukarya/combined_18S.eukarya.tax.Conosa.raxml.log

Analysis started: 28-Jan-2021 05:53:35 / finished: 28-Jan-2021 05:55:05

Elapsed time: 89.934 seconds

Consumed energy: 4.421 Wh

