
RAxML-NG v. 1.0.1 released on 19.09.2020 by The Exelixis Lab.
Developed by: Alexey M. Kozlov and Alexandros Stamatakis.
Contributors: Diego Darriba, Tomas Flouri, Benoit Morel, Sarah Lutteropp, Ben Bettisworth.
Latest version: https://github.com/amkozlov/raxml-ng
Questions/problems/suggestions? Please visit: https://groups.google.com/forum/#!forum/raxml

System: Intel(R) Xeon(R) CPU E5-2695 v4 @ 2.10GHz, 36 cores, 251 GB RAM

RAxML-NG was called at 27-Dec-2020 00:49:49 as follows:

raxml-ng --redo --search --msa /volumes/hd2/jeff/paprica/ref_genome_database/eukarya/combined_18S.eukarya.tax.Xanthophyceae.raxml.rba --prefix /volumes/hd2/jeff/paprica/ref_genome_database/eukarya/combined_18S.eukarya.tax.Xanthophyceae --workers 18 --tree pars{9},rand{9} --threads 36

Analysis options:
  run mode: ML tree search
  start tree(s): random (9) + parsimony (9)
  random seed: 1609058989
  tip-inner: OFF
  pattern compression: ON
  per-rate scalers: OFF
  site repeats: ON
  fast spr radius: AUTO
  spr subtree cutoff: 1.000000
  branch lengths: proportional (ML estimate, algorithm: NR-FAST)
  SIMD kernels: AVX2
  parallelization: coarse-grained (18 workers), PTHREADS (36 threads), thread pinning: OFF

WARNING: Running in REDO mode: existing checkpoints are ignored, and all result files will be overwritten!

[00:00:00] Loading binary alignment from file: /volumes/hd2/jeff/paprica/ref_genome_database/eukarya/combined_18S.eukarya.tax.Xanthophyceae.raxml.rba
[00:00:00] Alignment comprises 27 taxa, 1 partitions and 356 patterns

Partition 0: noname
Model: GTR+FO+G4m
Alignment sites / patterns: 1770 / 356
Gaps: 3.76 %
Invariant sites: 74.92 %


Parallel reduction/worker buffer size: 1 KB  / 0 KB

[00:00:00] Generating 9 random starting tree(s) with 27 taxa
[00:00:00] Generating 9 parsimony starting tree(s) with 27 taxa
[00:00:00] Data distribution: max. partitions/sites/weight per thread: 1 / 178 / 2848
[00:00:00] Data distribution: max. searches per worker: 1

Starting ML tree search with 18 distinct starting trees

[00:00:00 -12387.535734] Initial branch length optimization
[00:00:00 -10926.785267] Model parameter optimization (eps = 10.000000)
[00:00:00 -9575.745090] AUTODETECT spr round 1 (radius: 5)
[00:00:00 -8206.939590] AUTODETECT spr round 2 (radius: 10)
[00:00:00 -8121.294069] AUTODETECT spr round 3 (radius: 15)
[00:00:00 -8121.293842] SPR radius for FAST iterations: 10 (autodetect)
[00:00:00 -8121.293842] Model parameter optimization (eps = 3.000000)
[00:00:00 -8108.477786] FAST spr round 1 (radius: 10)
[00:00:00 -7697.332855] FAST spr round 2 (radius: 10)
[00:00:00 -7696.465001] FAST spr round 3 (radius: 10)
[00:00:00 -7696.464658] Model parameter optimization (eps = 1.000000)
[00:00:01 -7694.574421] SLOW spr round 1 (radius: 5)
[00:00:01] [worker #9] ML tree search #10, logLikelihood: -7694.328221
[00:00:01] [worker #12] ML tree search #13, logLikelihood: -7696.360608
[00:00:01] [worker #15] ML tree search #16, logLikelihood: -7694.326974
[00:00:01] [worker #11] ML tree search #12, logLikelihood: -7694.332833
[00:00:01] [worker #14] ML tree search #15, logLikelihood: -7694.330307
[00:00:01] [worker #17] ML tree search #18, logLikelihood: -7694.326693
[00:00:01] [worker #13] ML tree search #14, logLikelihood: -7694.331289
[00:00:01] [worker #7] ML tree search #8, logLikelihood: -7696.015792
[00:00:01] [worker #2] ML tree search #3, logLikelihood: -7695.765908
[00:00:01] [worker #4] ML tree search #5, logLikelihood: -7694.301557
[00:00:01] [worker #5] ML tree search #6, logLikelihood: -7694.302544
[00:00:01] [worker #10] ML tree search #11, logLikelihood: -7694.327402
[00:00:01] [worker #8] ML tree search #9, logLikelihood: -7694.311674
[00:00:01 -7694.570980] SLOW spr round 2 (radius: 10)
[00:00:01] [worker #3] ML tree search #4, logLikelihood: -7694.341536
[00:00:01] [worker #16] ML tree search #17, logLikelihood: -7694.362238
[00:00:01] [worker #1] ML tree search #2, logLikelihood: -7694.352486
[00:00:01] [worker #6] ML tree search #7, logLikelihood: -7694.194734
[00:00:01 -7694.570946] SLOW spr round 3 (radius: 15)
[00:00:01 -7694.570926] SLOW spr round 4 (radius: 20)
[00:00:01 -7694.570910] SLOW spr round 5 (radius: 25)
[00:00:01 -7694.570898] Model parameter optimization (eps = 0.100000)

[00:00:01] [worker #0] ML tree search #1, logLikelihood: -7694.361636


Optimized model parameters:

   Partition 0: noname
   Rate heterogeneity: GAMMA (4 cats, mean),  alpha: 0.110719 (ML),  weights&rates: (0.250000,0.000002) (0.250000,0.002105) (0.250000,0.123663) (0.250000,3.874229) 
   Base frequencies (ML): 0.222869 0.246666 0.292675 0.237790 
   Substitution rates (ML): 0.535294 0.980311 0.484005 0.735721 2.292733 1.000000 


Final LogLikelihood: -7694.194734

AIC score: 15508.389467 / AICc score: 15512.672674 / BIC score: 15837.113557
Free parameters (model + branch lengths): 60

WARNING: Best ML tree contains 1 near-zero branches!

Best ML tree with collapsed near-zero branches saved to: /volumes/hd2/jeff/paprica/ref_genome_database/eukarya/combined_18S.eukarya.tax.Xanthophyceae.raxml.bestTreeCollapsed
Best ML tree saved to: /volumes/hd2/jeff/paprica/ref_genome_database/eukarya/combined_18S.eukarya.tax.Xanthophyceae.raxml.bestTree
All ML trees saved to: /volumes/hd2/jeff/paprica/ref_genome_database/eukarya/combined_18S.eukarya.tax.Xanthophyceae.raxml.mlTrees
Optimized model saved to: /volumes/hd2/jeff/paprica/ref_genome_database/eukarya/combined_18S.eukarya.tax.Xanthophyceae.raxml.bestModel

Execution log saved to: /volumes/hd2/jeff/paprica/ref_genome_database/eukarya/combined_18S.eukarya.tax.Xanthophyceae.raxml.log

Analysis started: 27-Dec-2020 00:49:49 / finished: 27-Dec-2020 00:49:50

Elapsed time: 1.789 seconds

