
RAxML-NG v. 0.9.0 released on 20.05.2019 by The Exelixis Lab.
Developed by: Alexey M. Kozlov and Alexandros Stamatakis.
Contributors: Diego Darriba, Tomas Flouri, Benoit Morel, Sarah Lutteropp, Ben Bettisworth.
Latest version: https://github.com/amkozlov/raxml-ng
Questions/problems/suggestions? Please visit: https://groups.google.com/forum/#!forum/raxml

RAxML-NG was called at 30-Oct-2020 15:17:26 as follows:

raxml-ng --redo --search --msa /volumes/hd2/jeff/paprica/ref_genome_database/eukarya/combined_18S.eukarya.tax.div_reps.raxml.rba --tree pars{1} --prefix /volumes/hd2/jeff/paprica/ref_genome_database/eukarya/combined_18S.eukarya.tax.div_reps4 --seed 4 --threads 1

Analysis options:
  run mode: ML tree search
  start tree(s): parsimony (1)
  random seed: 4
  tip-inner: OFF
  pattern compression: ON
  per-rate scalers: OFF
  site repeats: ON
  fast spr radius: AUTO
  spr subtree cutoff: 1.000000
  branch lengths: proportional (ML estimate, algorithm: NR-FAST)
  SIMD kernels: AVX2
  parallelization: NONE/sequential

WARNING: Running in REDO mode: existing checkpoints are ignored, and all result files will be overwritten!

[00:00:00] Loading binary alignment from file: /volumes/hd2/jeff/paprica/ref_genome_database/eukarya/combined_18S.eukarya.tax.div_reps.raxml.rba
[00:00:00] Alignment comprises 363 taxa, 1 partitions and 476 patterns

Partition 0: noname
Model: GTR+FO+G4m
Alignment sites / patterns: 2063 / 476
Gaps: 89.98 %
Invariant sites: 77.27 %


[00:00:00] Generating 1 parsimony starting tree(s) with 363 taxa
[00:00:00] Data distribution: max. partitions/sites/weight per thread: 1 / 476 / 7616

Starting ML tree search with 1 distinct starting trees

[00:00:00 -54157.812635] Initial branch length optimization
[00:00:00 -48067.207062] Model parameter optimization (eps = 10.000000)
[00:00:03 -47419.292411] AUTODETECT spr round 1 (radius: 5)
[00:00:08 -46947.078462] AUTODETECT spr round 2 (radius: 10)
[00:00:18 -46703.427931] AUTODETECT spr round 3 (radius: 15)
[00:00:34 -46594.408529] AUTODETECT spr round 4 (radius: 20)
[00:00:51 -46548.721625] AUTODETECT spr round 5 (radius: 25)
[00:01:04 -46531.520271] SPR radius for FAST iterations: 25 (autodetect)
[00:01:04 -46531.520271] Model parameter optimization (eps = 3.000000)
[00:01:05 -46522.714459] FAST spr round 1 (radius: 25)
[00:01:20 -46424.675231] FAST spr round 2 (radius: 25)
[00:01:30 -46404.785020] FAST spr round 3 (radius: 25)
[00:01:37 -46399.633152] FAST spr round 4 (radius: 25)
[00:01:43 -46395.704304] FAST spr round 5 (radius: 25)
[00:01:49 -46395.704065] Model parameter optimization (eps = 1.000000)
[00:01:50 -46393.937290] SLOW spr round 1 (radius: 5)
[00:02:03 -46385.637293] SLOW spr round 2 (radius: 5)
[00:02:15 -46385.576023] SLOW spr round 3 (radius: 10)
[00:02:31 -46384.837341] SLOW spr round 4 (radius: 5)
[00:02:50 -46382.884813] SLOW spr round 5 (radius: 5)
[00:03:05 -46382.659426] SLOW spr round 6 (radius: 5)
[00:03:19 -46382.656880] SLOW spr round 7 (radius: 10)
[00:03:36 -46381.971066] SLOW spr round 8 (radius: 5)
[00:03:54 -46381.870821] SLOW spr round 9 (radius: 5)
[00:04:09 -46381.870474] SLOW spr round 10 (radius: 10)
[00:04:27 -46381.797580] SLOW spr round 11 (radius: 15)
[00:05:13 -46381.079926] SLOW spr round 12 (radius: 5)
[00:05:32 -46381.079415] SLOW spr round 13 (radius: 10)
[00:05:54 -46381.079352] SLOW spr round 14 (radius: 15)
[00:06:37 -46380.446667] SLOW spr round 15 (radius: 5)
[00:06:56 -46378.432548] SLOW spr round 16 (radius: 5)
[00:07:13 -46374.917125] SLOW spr round 17 (radius: 5)
[00:07:26 -46374.907499] SLOW spr round 18 (radius: 10)
[00:07:43 -46372.196947] SLOW spr round 19 (radius: 5)
[00:08:01 -46367.905660] SLOW spr round 20 (radius: 5)
[00:08:17 -46360.606021] SLOW spr round 21 (radius: 5)
[00:08:30 -46359.804205] SLOW spr round 22 (radius: 5)
[00:08:42 -46359.803947] SLOW spr round 23 (radius: 10)
[00:08:57 -46359.572731] SLOW spr round 24 (radius: 5)
[00:09:14 -46359.571264] SLOW spr round 25 (radius: 10)
[00:09:33 -46359.571069] SLOW spr round 26 (radius: 15)
[00:10:11 -46358.295085] SLOW spr round 27 (radius: 5)
[00:10:28 -46358.294494] SLOW spr round 28 (radius: 10)
[00:10:49 -46358.294459] SLOW spr round 29 (radius: 15)
[00:11:26 -46358.294453] SLOW spr round 30 (radius: 20)
[00:12:09 -46358.294451] SLOW spr round 31 (radius: 25)
[00:12:38 -46358.294450] Model parameter optimization (eps = 0.100000)

[00:12:39] ML tree search #1, logLikelihood: -46357.882837


Optimized model parameters:

   Partition 0: noname
   Rate heterogeneity: GAMMA (4 cats, mean),  alpha: 0.652232 (ML),  weights&rates: (0.250000,0.064029) (0.250000,0.340092) (0.250000,0.905794) (0.250000,2.690085) 
   Base frequencies (ML): 0.186346 0.233243 0.266630 0.313780 
   Substitution rates (ML): 0.792470 1.630938 0.981488 0.943136 1.945122 1.000000 


Final LogLikelihood: -46357.882837

AIC score: 94179.765674 / AICc score: 94986.616802 / BIC score: 98302.328562
Free parameters (model + branch lengths): 732

Best ML tree saved to: /volumes/hd2/jeff/paprica/ref_genome_database/eukarya/combined_18S.eukarya.tax.div_reps4.raxml.bestTree
Optimized model saved to: /volumes/hd2/jeff/paprica/ref_genome_database/eukarya/combined_18S.eukarya.tax.div_reps4.raxml.bestModel

Execution log saved to: /volumes/hd2/jeff/paprica/ref_genome_database/eukarya/combined_18S.eukarya.tax.div_reps4.raxml.log

Analysis started: 30-Oct-2020 15:17:26 / finished: 30-Oct-2020 15:30:05

Elapsed time: 759.306 seconds

