
RAxML-NG v. 0.9.0 released on 20.05.2019 by The Exelixis Lab.
Developed by: Alexey M. Kozlov and Alexandros Stamatakis.
Contributors: Diego Darriba, Tomas Flouri, Benoit Morel, Sarah Lutteropp, Ben Bettisworth.
Latest version: https://github.com/amkozlov/raxml-ng
Questions/problems/suggestions? Please visit: https://groups.google.com/forum/#!forum/raxml

RAxML-NG was called at 27-Oct-2020 13:28:26 as follows:

raxml-ng --redo --search --msa /volumes/hd2/jeff/paprica/ref_genome_database/bacteria/combined_16S.23S.bacteria.tax.phylum_reps.raxml.rba --tree pars{1} --prefix /volumes/hd2/jeff/paprica/ref_genome_database/bacteria/combined_16S.23S.bacteria.tax.phylum_reps1 --seed 1 --threads 1

Analysis options:
  run mode: ML tree search
  start tree(s): parsimony (1)
  random seed: 1
  tip-inner: OFF
  pattern compression: ON
  per-rate scalers: OFF
  site repeats: ON
  fast spr radius: AUTO
  spr subtree cutoff: 1.000000
  branch lengths: proportional (ML estimate, algorithm: NR-FAST)
  SIMD kernels: AVX2
  parallelization: NONE/sequential

WARNING: Running in REDO mode: existing checkpoints are ignored, and all result files will be overwritten!

[00:00:00] Loading binary alignment from file: /volumes/hd2/jeff/paprica/ref_genome_database/bacteria/combined_16S.23S.bacteria.tax.phylum_reps.raxml.rba
[00:00:00] Alignment comprises 232 taxa, 2 partitions and 4948 patterns

Partition 0: 16S
Model: GTR+FO+G4m+B
Alignment sites / patterns: 2131 / 1451
Gaps: 28.29 %
Invariant sites: 34.63 %

Partition 1: 23S
Model: GTR+FO+G4m+B
Alignment sites / patterns: 8453 / 3497
Gaps: 64.88 %
Invariant sites: 49.90 %


[00:00:00] Generating 1 parsimony starting tree(s) with 232 taxa
[00:00:00] Data distribution: max. partitions/sites/weight per thread: 2 / 4948 / 79168

Starting ML tree search with 1 distinct starting trees

[00:00:00 -420685.112601] Initial branch length optimization
[00:00:02 -384544.772418] Model parameter optimization (eps = 10.000000)
[00:00:23 -374597.148722] AUTODETECT spr round 1 (radius: 5)
[00:00:47 -373770.557579] AUTODETECT spr round 2 (radius: 10)
[00:01:54 -373597.661359] AUTODETECT spr round 3 (radius: 15)
[00:03:42 -373597.657022] SPR radius for FAST iterations: 10 (autodetect)
[00:03:42 -373597.657022] Model parameter optimization (eps = 3.000000)
[00:03:46 -373595.333767] FAST spr round 1 (radius: 10)
[00:04:41 -373251.757570] FAST spr round 2 (radius: 10)
[00:05:21 -373240.055339] FAST spr round 3 (radius: 10)
[00:05:58 -373235.779785] FAST spr round 4 (radius: 10)
[00:06:36 -373235.331168] FAST spr round 5 (radius: 10)
[00:07:14 -373235.206822] FAST spr round 6 (radius: 10)
[00:07:48 -373235.204115] Model parameter optimization (eps = 1.000000)
[00:07:51 -373234.439957] SLOW spr round 1 (radius: 5)
[00:09:33 -373180.313829] SLOW spr round 2 (radius: 5)
[00:11:02 -373164.209635] SLOW spr round 3 (radius: 5)
[00:12:24 -373164.015633] SLOW spr round 4 (radius: 5)
[00:13:43 -373164.014986] SLOW spr round 5 (radius: 10)
[00:15:22 -373164.014930] SLOW spr round 6 (radius: 15)
[00:20:06 -373164.014926] SLOW spr round 7 (radius: 20)
[00:23:14 -373164.014926] SLOW spr round 8 (radius: 25)
[00:23:58 -373164.014926] Model parameter optimization (eps = 0.100000)

[00:24:02] ML tree search #1, logLikelihood: -373163.550681



Final LogLikelihood: -373163.550681

AIC score: 747287.101362 / AICc score: 747332.806598 / BIC score: 750775.308741
Free parameters (model + branch lengths): 480

Best ML tree saved to: /volumes/hd2/jeff/paprica/ref_genome_database/bacteria/combined_16S.23S.bacteria.tax.phylum_reps1.raxml.bestTree
Optimized model saved to: /volumes/hd2/jeff/paprica/ref_genome_database/bacteria/combined_16S.23S.bacteria.tax.phylum_reps1.raxml.bestModel

Execution log saved to: /volumes/hd2/jeff/paprica/ref_genome_database/bacteria/combined_16S.23S.bacteria.tax.phylum_reps1.raxml.log

Analysis started: 27-Oct-2020 13:28:26 / finished: 27-Oct-2020 13:52:29

Elapsed time: 1442.390 seconds

