
RAxML-NG v. 1.0.1 released on 19.09.2020 by The Exelixis Lab.
Developed by: Alexey M. Kozlov and Alexandros Stamatakis.
Contributors: Diego Darriba, Tomas Flouri, Benoit Morel, Sarah Lutteropp, Ben Bettisworth.
Latest version: https://github.com/amkozlov/raxml-ng
Questions/problems/suggestions? Please visit: https://groups.google.com/forum/#!forum/raxml

System: Intel(R) Xeon(R) CPU E5-2695 v4 @ 2.10GHz, 36 cores, 251 GB RAM

RAxML-NG was called at 19-Mar-2022 18:52:56 as follows:

raxml-ng --redo --search --msa /volumes/hd2/jeff/paprica/ref_genome_database/archaea/combined_16S.23S.archaea.tax.archaea.raxml.rba --prefix /volumes/hd2/jeff/paprica/ref_genome_database/archaea/combined_16S.23S.archaea.tax.archaea --workers 18 --tree pars{9},rand{9} --threads 36

Analysis options:
  run mode: ML tree search
  start tree(s): random (9) + parsimony (9)
  random seed: 1647741176
  tip-inner: OFF
  pattern compression: ON
  per-rate scalers: OFF
  site repeats: ON
  fast spr radius: AUTO
  spr subtree cutoff: 1.000000
  branch lengths: proportional (ML estimate, algorithm: NR-FAST)
  SIMD kernels: AVX2
  parallelization: coarse-grained (18 workers), PTHREADS (36 threads), thread pinning: OFF

WARNING: Running in REDO mode: existing checkpoints are ignored, and all result files will be overwritten!

[00:00:00] Loading binary alignment from file: /volumes/hd2/jeff/paprica/ref_genome_database/archaea/combined_16S.23S.archaea.tax.archaea.raxml.rba
[00:00:00] Alignment comprises 346 taxa, 2 partitions and 3650 patterns

Partition 0: 16S
Model: GTR+FO+G4m+B
Alignment sites / patterns: 5455 / 1368
Gaps: 72.54 %
Invariant sites: 61.06 %

Partition 1: 23S
Model: GTR+FO+G4m+B
Alignment sites / patterns: 5312 / 2282
Gaps: 60.83 %
Invariant sites: 52.13 %


Parallel reduction/worker buffer size: 1 KB  / 0 KB

[00:00:00] Generating 9 random starting tree(s) with 346 taxa
[00:00:00] Generating 9 parsimony starting tree(s) with 346 taxa
[00:00:01] Data distribution: max. partitions/sites/weight per thread: 2 / 1825 / 29200
[00:00:01] Data distribution: max. searches per worker: 1

Starting ML tree search with 18 distinct starting trees

[00:00:02 -789242.094450] Initial branch length optimization
[00:00:05 -702844.599365] Model parameter optimization (eps = 10.000000)
[00:01:07 -673013.614793] AUTODETECT spr round 1 (radius: 5)
[00:01:33 -479401.166528] AUTODETECT spr round 2 (radius: 10)
[00:02:08 -343988.536517] AUTODETECT spr round 3 (radius: 15)
[00:02:58 -282721.755781] AUTODETECT spr round 4 (radius: 20)
[00:04:05 -280851.064502] AUTODETECT spr round 5 (radius: 25)
[00:05:18 -280542.383371] SPR radius for FAST iterations: 25 (autodetect)
[00:05:18 -280542.383371] Model parameter optimization (eps = 3.000000)
[00:05:35 -278544.587249] FAST spr round 1 (radius: 25)
[00:06:06 -255076.073220] FAST spr round 2 (radius: 25)
[00:06:31 -253259.828374] FAST spr round 3 (radius: 25)
[00:06:49 -253189.918088] FAST spr round 4 (radius: 25)
[00:07:05 -253178.231919] FAST spr round 5 (radius: 25)
[00:07:22 -253169.504749] FAST spr round 6 (radius: 25)
[00:07:37 -253162.758602] FAST spr round 7 (radius: 25)
[00:07:53 -253161.069727] FAST spr round 8 (radius: 25)
[00:08:09 -253159.514386] FAST spr round 9 (radius: 25)
[00:08:25 -253158.570171] FAST spr round 10 (radius: 25)
[00:08:41 -253157.810571] FAST spr round 11 (radius: 25)
[00:08:56 -253156.916937] FAST spr round 12 (radius: 25)
[00:09:12 -253153.554381] FAST spr round 13 (radius: 25)
[00:09:29 -253132.616856] FAST spr round 14 (radius: 25)
[00:09:44 -253126.812895] FAST spr round 15 (radius: 25)
[00:09:59 -253126.573144] FAST spr round 16 (radius: 25)
[00:10:14 -253126.483614] Model parameter optimization (eps = 1.000000)
[00:10:23 -253070.672257] SLOW spr round 1 (radius: 5)
[00:11:07 -253060.232165] SLOW spr round 2 (radius: 5)
[00:11:14] [worker #9] ML tree search #10, logLikelihood: -253049.402809
[00:11:49 -253055.149150] SLOW spr round 3 (radius: 5)
[00:12:21] [worker #14] ML tree search #15, logLikelihood: -253059.043026
[00:12:29 -253049.546667] SLOW spr round 4 (radius: 5)
[00:12:52] [worker #12] ML tree search #13, logLikelihood: -253041.452649
[00:13:08 -253049.122679] SLOW spr round 5 (radius: 5)
[00:13:39] [worker #10] ML tree search #11, logLikelihood: -253047.813217
[00:13:46 -253049.122676] SLOW spr round 6 (radius: 10)
[00:14:01] [worker #15] ML tree search #16, logLikelihood: -253039.099689
[00:14:22] [worker #17] ML tree search #18, logLikelihood: -253065.609618
[00:14:27 -253049.122676] SLOW spr round 7 (radius: 15)
[00:15:54] [worker #8] ML tree search #9, logLikelihood: -253045.081663
[00:16:03 -253049.122676] SLOW spr round 8 (radius: 20)
[00:16:57] [worker #13] ML tree search #14, logLikelihood: -253056.882184
[00:17:14] [worker #2] ML tree search #3, logLikelihood: -253059.899917
[00:17:31] [worker #4] ML tree search #5, logLikelihood: -253085.916220
[00:17:34] [worker #1] ML tree search #2, logLikelihood: -253044.298640
[00:17:47] [worker #16] ML tree search #17, logLikelihood: -253065.614749
[00:17:52] [worker #7] ML tree search #8, logLikelihood: -253042.973950
[00:18:01] [worker #3] ML tree search #4, logLikelihood: -253123.446432
[00:18:07 -253049.122676] SLOW spr round 9 (radius: 25)
[00:18:09] [worker #11] ML tree search #12, logLikelihood: -253039.685047
[00:19:49] [worker #6] ML tree search #7, logLikelihood: -253064.990483
[00:19:58 -253049.122676] Model parameter optimization (eps = 0.100000)

[00:20:01] [worker #0] ML tree search #1, logLikelihood: -253048.413166

[00:22:23] [worker #5] ML tree search #6, logLikelihood: -253045.213562


Final LogLikelihood: -253039.099689

AIC score: 507494.199378 / AICc score: 507594.014848 / BIC score: 512651.442133
Free parameters (model + branch lengths): 708

Best ML tree saved to: /volumes/hd2/jeff/paprica/ref_genome_database/archaea/combined_16S.23S.archaea.tax.archaea.raxml.bestTree
All ML trees saved to: /volumes/hd2/jeff/paprica/ref_genome_database/archaea/combined_16S.23S.archaea.tax.archaea.raxml.mlTrees
Optimized model saved to: /volumes/hd2/jeff/paprica/ref_genome_database/archaea/combined_16S.23S.archaea.tax.archaea.raxml.bestModel

Execution log saved to: /volumes/hd2/jeff/paprica/ref_genome_database/archaea/combined_16S.23S.archaea.tax.archaea.raxml.log

Analysis started: 19-Mar-2022 18:52:56 / finished: 19-Mar-2022 19:15:20

Elapsed time: 1343.829 seconds

Consumed energy: 696877001517.692 Wh (= 3484385008 km in an electric car, or 17421925038 km with an e-scooter!)

