
RAxML-NG v. 1.0.1 released on 19.09.2020 by The Exelixis Lab.
Developed by: Alexey M. Kozlov and Alexandros Stamatakis.
Contributors: Diego Darriba, Tomas Flouri, Benoit Morel, Sarah Lutteropp, Ben Bettisworth.
Latest version: https://github.com/amkozlov/raxml-ng
Questions/problems/suggestions? Please visit: https://groups.google.com/forum/#!forum/raxml

System: Intel(R) Xeon(R) CPU E5-2695 v4 @ 2.10GHz, 36 cores, 251 GB RAM

RAxML-NG was called at 27-Dec-2020 00:49:53 as follows:

raxml-ng --redo --search --msa /volumes/hd2/jeff/paprica/ref_genome_database/eukarya/combined_18S.eukarya.tax.Dictyochophyceae.raxml.rba --prefix /volumes/hd2/jeff/paprica/ref_genome_database/eukarya/combined_18S.eukarya.tax.Dictyochophyceae --workers 18 --tree pars{9},rand{9} --threads 36

Analysis options:
  run mode: ML tree search
  start tree(s): random (9) + parsimony (9)
  random seed: 1609058993
  tip-inner: OFF
  pattern compression: ON
  per-rate scalers: OFF
  site repeats: ON
  fast spr radius: AUTO
  spr subtree cutoff: 1.000000
  branch lengths: proportional (ML estimate, algorithm: NR-FAST)
  SIMD kernels: AVX2
  parallelization: coarse-grained (18 workers), PTHREADS (36 threads), thread pinning: OFF

WARNING: Running in REDO mode: existing checkpoints are ignored, and all result files will be overwritten!

[00:00:00] Loading binary alignment from file: /volumes/hd2/jeff/paprica/ref_genome_database/eukarya/combined_18S.eukarya.tax.Dictyochophyceae.raxml.rba
[00:00:00] Alignment comprises 14 taxa, 1 partitions and 422 patterns

Partition 0: noname
Model: GTR+FO+G4m
Alignment sites / patterns: 1778 / 422
Gaps: 4.49 %
Invariant sites: 74.63 %


Parallel reduction/worker buffer size: 1 KB  / 0 KB

[00:00:00] Generating 9 random starting tree(s) with 14 taxa
[00:00:00] Generating 9 parsimony starting tree(s) with 14 taxa
[00:00:00] Data distribution: max. partitions/sites/weight per thread: 1 / 211 / 3376
[00:00:00] Data distribution: max. searches per worker: 1

Starting ML tree search with 18 distinct starting trees

[00:00:00 -9887.033979] Initial branch length optimization
[00:00:00 -9231.778422] Model parameter optimization (eps = 10.000000)
[00:00:00 -8403.662805] AUTODETECT spr round 1 (radius: 5)
[00:00:00 -7525.550766] AUTODETECT spr round 2 (radius: 10)
[00:00:00 -7525.547687] SPR radius for FAST iterations: 5 (autodetect)
[00:00:00 -7525.547687] Model parameter optimization (eps = 3.000000)
[00:00:00 -7514.850081] FAST spr round 1 (radius: 5)
[00:00:00 -7303.012226] FAST spr round 2 (radius: 5)
[00:00:00 -7303.009950] Model parameter optimization (eps = 1.000000)
[00:00:00 -7300.022257] SLOW spr round 1 (radius: 5)
[00:00:00] [worker #14] ML tree search #15, logLikelihood: -7295.672835
[00:00:00] [worker #10] ML tree search #11, logLikelihood: -7295.672852
[00:00:00] [worker #12] ML tree search #13, logLikelihood: -7295.672843
[00:00:00] [worker #15] ML tree search #16, logLikelihood: -7295.672995
[00:00:00] [worker #16] ML tree search #17, logLikelihood: -7295.672845
[00:00:00] [worker #11] ML tree search #12, logLikelihood: -7295.672854
[00:00:00] [worker #9] ML tree search #10, logLikelihood: -7295.672825
[00:00:00] [worker #13] ML tree search #14, logLikelihood: -7295.672822
[00:00:00] [worker #17] ML tree search #18, logLikelihood: -7295.672849
[00:00:00] [worker #6] ML tree search #7, logLikelihood: -7295.673281
[00:00:00] [worker #7] ML tree search #8, logLikelihood: -7295.673246
[00:00:00] [worker #4] ML tree search #5, logLikelihood: -7295.673056
[00:00:00] [worker #3] ML tree search #4, logLikelihood: -7295.672918
[00:00:00 -7295.772842] SLOW spr round 2 (radius: 5)
[00:00:00] [worker #2] ML tree search #3, logLikelihood: -7295.673125
[00:00:00] [worker #8] ML tree search #9, logLikelihood: -7295.674956
[00:00:00] [worker #5] ML tree search #6, logLikelihood: -7295.672923
[00:00:00] [worker #1] ML tree search #2, logLikelihood: -7295.673309
[00:00:00 -7295.772750] SLOW spr round 3 (radius: 10)
[00:00:00 -7295.772748] Model parameter optimization (eps = 0.100000)

[00:00:00] [worker #0] ML tree search #1, logLikelihood: -7295.674807


Optimized model parameters:

   Partition 0: noname
   Rate heterogeneity: GAMMA (4 cats, mean),  alpha: 0.159556 (ML),  weights&rates: (0.250000,0.000092) (0.250000,0.014165) (0.250000,0.270423) (0.250000,3.715319) 
   Base frequencies (ML): 0.260376 0.202400 0.265961 0.271264 
   Substitution rates (ML): 0.575580 0.944115 0.545263 1.028220 2.302771 1.000000 


Final LogLikelihood: -7295.672822

AIC score: 14659.345644 / AICc score: 14660.711106 / BIC score: 14845.775954
Free parameters (model + branch lengths): 34

Best ML tree saved to: /volumes/hd2/jeff/paprica/ref_genome_database/eukarya/combined_18S.eukarya.tax.Dictyochophyceae.raxml.bestTree
All ML trees saved to: /volumes/hd2/jeff/paprica/ref_genome_database/eukarya/combined_18S.eukarya.tax.Dictyochophyceae.raxml.mlTrees
Optimized model saved to: /volumes/hd2/jeff/paprica/ref_genome_database/eukarya/combined_18S.eukarya.tax.Dictyochophyceae.raxml.bestModel

Execution log saved to: /volumes/hd2/jeff/paprica/ref_genome_database/eukarya/combined_18S.eukarya.tax.Dictyochophyceae.raxml.log

Analysis started: 27-Dec-2020 00:49:53 / finished: 27-Dec-2020 00:49:54

Elapsed time: 0.785 seconds

