
RAxML-NG v. 1.0.1 released on 19.09.2020 by The Exelixis Lab.
Developed by: Alexey M. Kozlov and Alexandros Stamatakis.
Contributors: Diego Darriba, Tomas Flouri, Benoit Morel, Sarah Lutteropp, Ben Bettisworth.
Latest version: https://github.com/amkozlov/raxml-ng
Questions/problems/suggestions? Please visit: https://groups.google.com/forum/#!forum/raxml

System: Intel(R) Xeon(R) CPU E5-2695 v4 @ 2.10GHz, 36 cores, 251 GB RAM

RAxML-NG was called at 28-Jan-2021 06:29:16 as follows:

raxml-ng --redo --search --msa /volumes/hd2/jeff/paprica/ref_genome_database/eukarya/combined_18S.eukarya.tax.Telonemia.raxml.rba --prefix /volumes/hd2/jeff/paprica/ref_genome_database/eukarya/combined_18S.eukarya.tax.Telonemia --workers 18 --tree pars{9},rand{9} --threads 36

Analysis options:
  run mode: ML tree search
  start tree(s): random (9) + parsimony (9)
  random seed: 1611844156
  tip-inner: OFF
  pattern compression: ON
  per-rate scalers: OFF
  site repeats: ON
  fast spr radius: AUTO
  spr subtree cutoff: 1.000000
  branch lengths: proportional (ML estimate, algorithm: NR-FAST)
  SIMD kernels: AVX2
  parallelization: coarse-grained (18 workers), PTHREADS (36 threads), thread pinning: OFF

WARNING: Running in REDO mode: existing checkpoints are ignored, and all result files will be overwritten!

[00:00:00] Loading binary alignment from file: /volumes/hd2/jeff/paprica/ref_genome_database/eukarya/combined_18S.eukarya.tax.Telonemia.raxml.rba
[00:00:00] Alignment comprises 21 taxa, 1 partitions and 362 patterns

Partition 0: noname
Model: GTR+FO+G4m
Alignment sites / patterns: 1805 / 362
Gaps: 3.16 %
Invariant sites: 78.61 %


Parallel reduction/worker buffer size: 1 KB  / 0 KB

[00:00:00] Generating 9 random starting tree(s) with 21 taxa
[00:00:00] Generating 9 parsimony starting tree(s) with 21 taxa
[00:00:00] Data distribution: max. partitions/sites/weight per thread: 1 / 181 / 2896
[00:00:00] Data distribution: max. searches per worker: 1

Starting ML tree search with 18 distinct starting trees

[00:00:00 -10360.985318] Initial branch length optimization
[00:00:00 -8617.065805] Model parameter optimization (eps = 10.000000)
[00:00:00 -7911.510202] AUTODETECT spr round 1 (radius: 5)
[00:00:00 -6323.006900] AUTODETECT spr round 2 (radius: 10)
[00:00:00 -6323.006601] SPR radius for FAST iterations: 5 (autodetect)
[00:00:00 -6323.006601] Model parameter optimization (eps = 3.000000)
[00:00:00 -6319.191501] FAST spr round 1 (radius: 5)
[00:00:00 -6258.606865] FAST spr round 2 (radius: 5)
[00:00:00 -6258.606860] Model parameter optimization (eps = 1.000000)
[00:00:00 -6258.040472] SLOW spr round 1 (radius: 5)
[00:00:00] [worker #10] ML tree search #11, logLikelihood: -6258.026416
[00:00:00] [worker #12] ML tree search #13, logLikelihood: -6258.026410
[00:00:00] [worker #16] ML tree search #17, logLikelihood: -6258.026410
[00:00:00] [worker #14] ML tree search #15, logLikelihood: -6258.026393
[00:00:00] [worker #17] ML tree search #18, logLikelihood: -6258.026395
[00:00:00] [worker #9] ML tree search #10, logLikelihood: -6258.026400
[00:00:00] [worker #11] ML tree search #12, logLikelihood: -6258.026388
[00:00:00] [worker #6] ML tree search #7, logLikelihood: -6258.026488
[00:00:00 -6258.037419] SLOW spr round 2 (radius: 10)
[00:00:00] [worker #3] ML tree search #4, logLikelihood: -6258.026506
[00:00:00] [worker #2] ML tree search #3, logLikelihood: -6258.026521
[00:00:00] [worker #5] ML tree search #6, logLikelihood: -6258.026545
[00:00:00] [worker #7] ML tree search #8, logLikelihood: -6258.026579
[00:00:00] [worker #4] ML tree search #5, logLikelihood: -6258.026425
[00:00:00] [worker #15] ML tree search #16, logLikelihood: -6258.026416
[00:00:00 -6258.037415] SLOW spr round 3 (radius: 15)
[00:00:00 -6258.037415] SLOW spr round 4 (radius: 20)
[00:00:00] [worker #13] ML tree search #14, logLikelihood: -6258.026414
[00:00:00] [worker #1] ML tree search #2, logLikelihood: -6258.026586
[00:00:00 -6258.037415] Model parameter optimization (eps = 0.100000)
[00:00:00] [worker #8] ML tree search #9, logLikelihood: -6258.026568

[00:00:00] [worker #0] ML tree search #1, logLikelihood: -6258.026769


Optimized model parameters:

   Partition 0: noname
   Rate heterogeneity: GAMMA (4 cats, mean),  alpha: 0.154007 (ML),  weights&rates: (0.250000,0.000067) (0.250000,0.012127) (0.250000,0.253877) (0.250000,3.733928) 
   Base frequencies (ML): 0.265762 0.195207 0.256905 0.282126 
   Substitution rates (ML): 0.857868 1.371307 0.774591 0.833360 2.465783 1.000000 


Final LogLikelihood: -6258.026388

AIC score: 12612.052777 / AICc score: 12614.731592 / BIC score: 12875.971938
Free parameters (model + branch lengths): 48

WARNING: Best ML tree contains 2 near-zero branches!

Best ML tree with collapsed near-zero branches saved to: /volumes/hd2/jeff/paprica/ref_genome_database/eukarya/combined_18S.eukarya.tax.Telonemia.raxml.bestTreeCollapsed
Best ML tree saved to: /volumes/hd2/jeff/paprica/ref_genome_database/eukarya/combined_18S.eukarya.tax.Telonemia.raxml.bestTree
All ML trees saved to: /volumes/hd2/jeff/paprica/ref_genome_database/eukarya/combined_18S.eukarya.tax.Telonemia.raxml.mlTrees
Optimized model saved to: /volumes/hd2/jeff/paprica/ref_genome_database/eukarya/combined_18S.eukarya.tax.Telonemia.raxml.bestModel

Execution log saved to: /volumes/hd2/jeff/paprica/ref_genome_database/eukarya/combined_18S.eukarya.tax.Telonemia.raxml.log

Analysis started: 28-Jan-2021 06:29:16 / finished: 28-Jan-2021 06:29:16

Elapsed time: 0.892 seconds

