
RAxML-NG v. 1.0.1 released on 19.09.2020 by The Exelixis Lab.
Developed by: Alexey M. Kozlov and Alexandros Stamatakis.
Contributors: Diego Darriba, Tomas Flouri, Benoit Morel, Sarah Lutteropp, Ben Bettisworth.
Latest version: https://github.com/amkozlov/raxml-ng
Questions/problems/suggestions? Please visit: https://groups.google.com/forum/#!forum/raxml

System: Intel(R) Xeon(R) CPU E5-2695 v4 @ 2.10GHz, 36 cores, 251 GB RAM

RAxML-NG was called at 27-Dec-2020 00:43:25 as follows:

raxml-ng --redo --search --msa /volumes/hd2/jeff/paprica/ref_genome_database/eukarya/combined_18S.eukarya.tax.Phaeophyceae.raxml.rba --prefix /volumes/hd2/jeff/paprica/ref_genome_database/eukarya/combined_18S.eukarya.tax.Phaeophyceae --workers 18 --tree pars{9},rand{9} --threads 36

Analysis options:
  run mode: ML tree search
  start tree(s): random (9) + parsimony (9)
  random seed: 1609058605
  tip-inner: OFF
  pattern compression: ON
  per-rate scalers: OFF
  site repeats: ON
  fast spr radius: AUTO
  spr subtree cutoff: 1.000000
  branch lengths: proportional (ML estimate, algorithm: NR-FAST)
  SIMD kernels: AVX2
  parallelization: coarse-grained (18 workers), PTHREADS (36 threads), thread pinning: OFF

WARNING: Running in REDO mode: existing checkpoints are ignored, and all result files will be overwritten!

[00:00:00] Loading binary alignment from file: /volumes/hd2/jeff/paprica/ref_genome_database/eukarya/combined_18S.eukarya.tax.Phaeophyceae.raxml.rba
[00:00:00] Alignment comprises 114 taxa, 1 partitions and 559 patterns

Partition 0: noname
Model: GTR+FO+G4m
Alignment sites / patterns: 1742 / 559
Gaps: 5.91 %
Invariant sites: 70.15 %


Parallel reduction/worker buffer size: 1 KB  / 0 KB

[00:00:00] Generating 9 random starting tree(s) with 114 taxa
[00:00:00] Generating 9 parsimony starting tree(s) with 114 taxa
[00:00:00] Data distribution: max. partitions/sites/weight per thread: 1 / 280 / 4480
[00:00:00] Data distribution: max. searches per worker: 1

Starting ML tree search with 18 distinct starting trees

[00:00:00 -38942.238351] Initial branch length optimization
[00:00:00 -32900.285322] Model parameter optimization (eps = 10.000000)
[00:00:01 -29050.078660] AUTODETECT spr round 1 (radius: 5)
[00:00:01 -18724.296355] AUTODETECT spr round 2 (radius: 10)
[00:00:03 -14073.384108] AUTODETECT spr round 3 (radius: 15)
[00:00:04 -14043.197971] AUTODETECT spr round 4 (radius: 20)
[00:00:06 -14043.162566] SPR radius for FAST iterations: 15 (autodetect)
[00:00:06 -14043.162566] Model parameter optimization (eps = 3.000000)
[00:00:06 -13993.086444] FAST spr round 1 (radius: 15)
[00:00:08 -13262.698292] FAST spr round 2 (radius: 15)
[00:00:09 -13238.773517] FAST spr round 3 (radius: 15)
[00:00:09 -13233.248838] FAST spr round 4 (radius: 15)
[00:00:10 -13233.248770] Model parameter optimization (eps = 1.000000)
[00:00:10 -13227.648596] SLOW spr round 1 (radius: 5)
[00:00:12 -13220.152143] SLOW spr round 2 (radius: 5)
[00:00:12] [worker #17] ML tree search #18, logLikelihood: -13211.256181
[00:00:13] [worker #12] ML tree search #13, logLikelihood: -13209.417981
[00:00:14] [worker #15] ML tree search #16, logLikelihood: -13216.086565
[00:00:14 -13220.152028] SLOW spr round 3 (radius: 10)
[00:00:15] [worker #14] ML tree search #15, logLikelihood: -13198.173511
[00:00:15] [worker #10] ML tree search #11, logLikelihood: -13208.033659
[00:00:15] [worker #11] ML tree search #12, logLikelihood: -13201.430516
[00:00:16 -13220.152027] SLOW spr round 4 (radius: 15)
[00:00:17] [worker #13] ML tree search #14, logLikelihood: -13198.160750
[00:00:17] [worker #16] ML tree search #17, logLikelihood: -13208.038127
[00:00:18] [worker #3] ML tree search #4, logLikelihood: -13216.080877
[00:00:18] [worker #9] ML tree search #10, logLikelihood: -13208.022507
[00:00:18 -13220.152027] SLOW spr round 5 (radius: 20)
[00:00:19] [worker #7] ML tree search #8, logLikelihood: -13209.917012
[00:00:19] [worker #1] ML tree search #2, logLikelihood: -13216.090460
[00:00:20] [worker #6] ML tree search #7, logLikelihood: -13206.309375
[00:00:20] [worker #8] ML tree search #9, logLikelihood: -13216.083646
[00:00:20 -13220.152027] SLOW spr round 6 (radius: 25)
[00:00:20] [worker #5] ML tree search #6, logLikelihood: -13209.311584
[00:00:21 -13220.152027] Model parameter optimization (eps = 0.100000)

[00:00:21] [worker #0] ML tree search #1, logLikelihood: -13219.994002

[00:00:25] [worker #2] ML tree search #3, logLikelihood: -13217.296943
[00:00:26] [worker #4] ML tree search #5, logLikelihood: -13216.080774

Optimized model parameters:

   Partition 0: noname
   Rate heterogeneity: GAMMA (4 cats, mean),  alpha: 0.189373 (ML),  weights&rates: (0.250000,0.000361) (0.250000,0.027879) (0.250000,0.355359) (0.250000,3.616402) 
   Base frequencies (ML): 0.222871 0.231379 0.291407 0.254343 
   Substitution rates (ML): 0.744527 1.223471 0.933821 1.179699 2.851353 1.000000 


Final LogLikelihood: -13198.160750

AIC score: 26864.321501 / AICc score: 26937.300930 / BIC score: 28142.614164
Free parameters (model + branch lengths): 234

WARNING: Best ML tree contains 27 near-zero branches!

Best ML tree with collapsed near-zero branches saved to: /volumes/hd2/jeff/paprica/ref_genome_database/eukarya/combined_18S.eukarya.tax.Phaeophyceae.raxml.bestTreeCollapsed
Best ML tree saved to: /volumes/hd2/jeff/paprica/ref_genome_database/eukarya/combined_18S.eukarya.tax.Phaeophyceae.raxml.bestTree
All ML trees saved to: /volumes/hd2/jeff/paprica/ref_genome_database/eukarya/combined_18S.eukarya.tax.Phaeophyceae.raxml.mlTrees
Optimized model saved to: /volumes/hd2/jeff/paprica/ref_genome_database/eukarya/combined_18S.eukarya.tax.Phaeophyceae.raxml.bestModel

Execution log saved to: /volumes/hd2/jeff/paprica/ref_genome_database/eukarya/combined_18S.eukarya.tax.Phaeophyceae.raxml.log

Analysis started: 27-Dec-2020 00:43:25 / finished: 27-Dec-2020 00:43:51

Elapsed time: 26.229 seconds

Consumed energy: 1.222 Wh

