
RAxML-NG v. 1.0.1 released on 19.09.2020 by The Exelixis Lab.
Developed by: Alexey M. Kozlov and Alexandros Stamatakis.
Contributors: Diego Darriba, Tomas Flouri, Benoit Morel, Sarah Lutteropp, Ben Bettisworth.
Latest version: https://github.com/amkozlov/raxml-ng
Questions/problems/suggestions? Please visit: https://groups.google.com/forum/#!forum/raxml

System: Intel(R) Xeon(R) CPU E5-2695 v4 @ 2.10GHz, 36 cores, 251 GB RAM

RAxML-NG was called at 28-Jan-2021 02:52:39 as follows:

raxml-ng --redo --search --msa /volumes/hd2/jeff/paprica/ref_genome_database/eukarya/combined_18S.eukarya.tax.Dinoflagellata.raxml.rba --prefix /volumes/hd2/jeff/paprica/ref_genome_database/eukarya/combined_18S.eukarya.tax.Dinoflagellata --workers 18 --tree pars{9},rand{9} --threads 36

Analysis options:
  run mode: ML tree search
  start tree(s): random (9) + parsimony (9)
  random seed: 1611831159
  tip-inner: OFF
  pattern compression: ON
  per-rate scalers: OFF
  site repeats: ON
  fast spr radius: AUTO
  spr subtree cutoff: 1.000000
  branch lengths: proportional (ML estimate, algorithm: NR-FAST)
  SIMD kernels: AVX2
  parallelization: coarse-grained (18 workers), PTHREADS (36 threads), thread pinning: OFF

WARNING: Running in REDO mode: existing checkpoints are ignored, and all result files will be overwritten!

[00:00:00] Loading binary alignment from file: /volumes/hd2/jeff/paprica/ref_genome_database/eukarya/combined_18S.eukarya.tax.Dinoflagellata.raxml.rba
[00:00:00] Alignment comprises 1008 taxa, 1 partitions and 1683 patterns

Partition 0: noname
Model: GTR+FO+G4m
Alignment sites / patterns: 1968 / 1683
Gaps: 19.01 %
Invariant sites: 24.70 %


Parallel reduction/worker buffer size: 1 KB  / 0 KB

[00:00:00] Generating 9 random starting tree(s) with 1008 taxa
[00:00:00] Generating 9 parsimony starting tree(s) with 1008 taxa
[00:00:05] Data distribution: max. partitions/sites/weight per thread: 1 / 842 / 13472
[00:00:05] Data distribution: max. searches per worker: 1

Starting ML tree search with 18 distinct starting trees

[00:00:09 -552227.311980] Initial branch length optimization
[00:00:11 -454471.422501] Model parameter optimization (eps = 10.000000)
[00:01:08 -414205.694201] AUTODETECT spr round 1 (radius: 5)
[00:02:25 -354469.548668] AUTODETECT spr round 2 (radius: 10)
[00:03:52 -275334.194727] AUTODETECT spr round 3 (radius: 15)
[00:05:38 -209852.380447] AUTODETECT spr round 4 (radius: 20)
[00:07:55 -176599.115809] AUTODETECT spr round 5 (radius: 25)
[00:11:17 -166855.763284] SPR radius for FAST iterations: 25 (autodetect)
[00:11:17 -166855.763284] Model parameter optimization (eps = 3.000000)
[00:11:41 -165649.460932] FAST spr round 1 (radius: 25)
[00:13:40 -137805.135883] FAST spr round 2 (radius: 25)
[00:15:04 -136603.067144] FAST spr round 3 (radius: 25)
[00:16:16 -136542.450286] FAST spr round 4 (radius: 25)
[00:17:16 -136540.177470] FAST spr round 5 (radius: 25)
[00:18:13 -136540.177439] Model parameter optimization (eps = 1.000000)
[00:18:22 -136514.134964] SLOW spr round 1 (radius: 5)
[00:19:44 -136482.147618] SLOW spr round 2 (radius: 5)
[00:20:59 -136481.546535] SLOW spr round 3 (radius: 5)
[00:22:08 -136481.546518] SLOW spr round 4 (radius: 10)
[00:23:30 -136480.904285] SLOW spr round 5 (radius: 5)
[00:25:07 -136480.903841] SLOW spr round 6 (radius: 10)
[00:26:57 -136480.903839] SLOW spr round 7 (radius: 15)
[00:30:42 -136480.903835] SLOW spr round 8 (radius: 20)
[00:36:32 -136455.916023] SLOW spr round 9 (radius: 5)
[00:38:16 -136363.373008] SLOW spr round 10 (radius: 5)
[00:39:35] [worker #12] ML tree search #13, logLikelihood: -136314.607644
[00:39:38 -136354.402349] SLOW spr round 11 (radius: 5)
[00:40:49 -136354.402347] SLOW spr round 12 (radius: 10)
[00:42:11 -136354.402347] SLOW spr round 13 (radius: 15)
[00:46:11 -136354.402347] SLOW spr round 14 (radius: 20)
[00:48:11] [worker #9] ML tree search #10, logLikelihood: -136431.669182
[00:49:29] [worker #13] ML tree search #14, logLikelihood: -136353.687090
[00:50:28] [worker #17] ML tree search #18, logLikelihood: -136307.880556
[00:51:58 -136354.402347] SLOW spr round 15 (radius: 25)
[00:58:00] [worker #11] ML tree search #12, logLikelihood: -136435.196999
[00:58:09 -136354.402347] Model parameter optimization (eps = 0.100000)

[00:58:15] [worker #0] ML tree search #1, logLikelihood: -136353.890923

[01:01:10] [worker #14] ML tree search #15, logLikelihood: -136344.268201
[01:02:14] [worker #10] ML tree search #11, logLikelihood: -136296.536224
[01:03:33] [worker #3] ML tree search #4, logLikelihood: -136314.883390
[01:05:27] [worker #15] ML tree search #16, logLikelihood: -136314.384237
[01:07:51] [worker #5] ML tree search #6, logLikelihood: -136337.870404
[01:13:47] [worker #16] ML tree search #17, logLikelihood: -136395.367929
[01:19:45] [worker #4] ML tree search #5, logLikelihood: -136338.845717
[01:24:32] [worker #7] ML tree search #8, logLikelihood: -137036.163231
[01:25:01] [worker #8] ML tree search #9, logLikelihood: -136280.319618
[01:37:07] [worker #2] ML tree search #3, logLikelihood: -136330.760573
[01:37:18] [worker #6] ML tree search #7, logLikelihood: -136352.582920
[01:38:00] [worker #1] ML tree search #2, logLikelihood: -137020.538801

Optimized model parameters:

   Partition 0: noname
   Rate heterogeneity: GAMMA (4 cats, mean),  alpha: 0.574149 (ML),  weights&rates: (0.250000,0.047824) (0.250000,0.297594) (0.250000,0.867535) (0.250000,2.787048) 
   Base frequencies (ML): 0.236617 0.205948 0.248889 0.308546 
   Substitution rates (ML): 1.227122 2.891052 1.077640 0.794668 4.152430 1.000000 


Final LogLikelihood: -136280.319618

AIC score: 276604.639235 / AICc score: 8457616.639235 / BIC score: 287897.050398
Free parameters (model + branch lengths): 2022

WARNING: Number of free parameters (K=2022) is larger than alignment size (n=1968).
         This might lead to overfitting and compromise tree inference results!


WARNING: Best ML tree contains 270 near-zero branches!

Best ML tree with collapsed near-zero branches saved to: /volumes/hd2/jeff/paprica/ref_genome_database/eukarya/combined_18S.eukarya.tax.Dinoflagellata.raxml.bestTreeCollapsed
Best ML tree saved to: /volumes/hd2/jeff/paprica/ref_genome_database/eukarya/combined_18S.eukarya.tax.Dinoflagellata.raxml.bestTree
All ML trees saved to: /volumes/hd2/jeff/paprica/ref_genome_database/eukarya/combined_18S.eukarya.tax.Dinoflagellata.raxml.mlTrees
Optimized model saved to: /volumes/hd2/jeff/paprica/ref_genome_database/eukarya/combined_18S.eukarya.tax.Dinoflagellata.raxml.bestModel

Execution log saved to: /volumes/hd2/jeff/paprica/ref_genome_database/eukarya/combined_18S.eukarya.tax.Dinoflagellata.raxml.log

Analysis started: 28-Jan-2021 02:52:39 / finished: 28-Jan-2021 04:30:39

Elapsed time: 5880.492 seconds

Consumed energy: 294.212 Wh (= 1 km in an electric car, or 7 km with an e-scooter!)

