
RAxML-NG v. 1.0.1 released on 19.09.2020 by The Exelixis Lab.
Developed by: Alexey M. Kozlov and Alexandros Stamatakis.
Contributors: Diego Darriba, Tomas Flouri, Benoit Morel, Sarah Lutteropp, Ben Bettisworth.
Latest version: https://github.com/amkozlov/raxml-ng
Questions/problems/suggestions? Please visit: https://groups.google.com/forum/#!forum/raxml

System: Intel(R) Xeon(R) CPU E5-2695 v4 @ 2.10GHz, 36 cores, 251 GB RAM

RAxML-NG was called at 28-Jan-2021 05:50:13 as follows:

raxml-ng --redo --search --msa /volumes/hd2/jeff/paprica/ref_genome_database/eukarya/combined_18S.eukarya.tax.Cercozoa.raxml.rba --prefix /volumes/hd2/jeff/paprica/ref_genome_database/eukarya/combined_18S.eukarya.tax.Cercozoa --workers 18 --tree pars{9},rand{9} --threads 36

Analysis options:
  run mode: ML tree search
  start tree(s): random (9) + parsimony (9)
  random seed: 1611841813
  tip-inner: OFF
  pattern compression: ON
  per-rate scalers: OFF
  site repeats: ON
  fast spr radius: AUTO
  spr subtree cutoff: 1.000000
  branch lengths: proportional (ML estimate, algorithm: NR-FAST)
  SIMD kernels: AVX2
  parallelization: coarse-grained (18 workers), PTHREADS (36 threads), thread pinning: OFF

WARNING: Running in REDO mode: existing checkpoints are ignored, and all result files will be overwritten!

[00:00:00] Loading binary alignment from file: /volumes/hd2/jeff/paprica/ref_genome_database/eukarya/combined_18S.eukarya.tax.Cercozoa.raxml.rba
[00:00:00] Alignment comprises 221 taxa, 1 partitions and 1248 patterns

Partition 0: noname
Model: GTR+FO+G4m
Alignment sites / patterns: 2521 / 1248
Gaps: 46.91 %
Invariant sites: 55.53 %


Parallel reduction/worker buffer size: 1 KB  / 0 KB

[00:00:00] Generating 9 random starting tree(s) with 221 taxa
[00:00:00] Generating 9 parsimony starting tree(s) with 221 taxa
[00:00:00] Data distribution: max. partitions/sites/weight per thread: 1 / 624 / 9984
[00:00:00] Data distribution: max. searches per worker: 1

Starting ML tree search with 18 distinct starting trees

[00:00:00 -120617.699410] Initial branch length optimization
[00:00:01 -105884.674284] Model parameter optimization (eps = 10.000000)
[00:00:09 -99926.356396] AUTODETECT spr round 1 (radius: 5)
[00:00:13 -85990.944879] AUTODETECT spr round 2 (radius: 10)
[00:00:20 -69152.689188] AUTODETECT spr round 3 (radius: 15)
[00:00:29 -65199.204429] AUTODETECT spr round 4 (radius: 20)
[00:00:41 -65107.895874] AUTODETECT spr round 5 (radius: 25)
[00:00:49 -65107.887762] SPR radius for FAST iterations: 20 (autodetect)
[00:00:49 -65107.887762] Model parameter optimization (eps = 3.000000)
[00:00:50 -65059.293291] FAST spr round 1 (radius: 20)
[00:00:57 -61219.023483] FAST spr round 2 (radius: 20)
[00:01:02 -61079.658514] FAST spr round 3 (radius: 20)
[00:01:06 -61063.862917] FAST spr round 4 (radius: 20)
[00:01:09 -61063.858737] Model parameter optimization (eps = 1.000000)
[00:01:10 -61057.417635] SLOW spr round 1 (radius: 5)
[00:01:22 -61035.978403] SLOW spr round 2 (radius: 5)
[00:01:32 -61035.977510] SLOW spr round 3 (radius: 10)
[00:01:43 -61034.135115] SLOW spr round 4 (radius: 5)
[00:01:57 -61034.134551] SLOW spr round 5 (radius: 10)
[00:02:13 -61034.134521] SLOW spr round 6 (radius: 15)
[00:02:15] [worker #14] ML tree search #15, logLikelihood: -61038.797606
[00:02:21] [worker #13] ML tree search #14, logLikelihood: -61025.295175
[00:02:22] [worker #11] ML tree search #12, logLikelihood: -61032.819162
[00:02:25] [worker #2] ML tree search #3, logLikelihood: -61028.936038
[00:02:30] [worker #15] ML tree search #16, logLikelihood: -61028.586594
[00:02:31] [worker #12] ML tree search #13, logLikelihood: -61028.457071
[00:02:35] [worker #7] ML tree search #8, logLikelihood: -61038.216576
[00:02:35] [worker #8] ML tree search #9, logLikelihood: -61035.352707
[00:02:36] [worker #1] ML tree search #2, logLikelihood: -61031.013826
[00:02:37 -61034.134515] SLOW spr round 7 (radius: 20)
[00:02:39] [worker #5] ML tree search #6, logLikelihood: -61033.882897
[00:02:40] [worker #6] ML tree search #7, logLikelihood: -61031.473285
[00:02:40] [worker #4] ML tree search #5, logLikelihood: -61038.707244
[00:02:40] [worker #16] ML tree search #17, logLikelihood: -61040.356285
[00:02:59 -61034.134513] SLOW spr round 8 (radius: 25)
[00:03:00] [worker #3] ML tree search #4, logLikelihood: -61028.955012
[00:03:03] [worker #10] ML tree search #11, logLikelihood: -61026.222510
[00:03:03] [worker #9] ML tree search #10, logLikelihood: -61029.035169
[00:03:05] [worker #17] ML tree search #18, logLikelihood: -61025.822724
[00:03:09 -61034.134513] Model parameter optimization (eps = 0.100000)

[00:03:10] [worker #0] ML tree search #1, logLikelihood: -61033.779493


Optimized model parameters:

   Partition 0: noname
   Rate heterogeneity: GAMMA (4 cats, mean),  alpha: 0.368989 (ML),  weights&rates: (0.250000,0.012507) (0.250000,0.158240) (0.250000,0.695418) (0.250000,3.133835) 
   Base frequencies (ML): 0.189254 0.240833 0.277655 0.292257 
   Substitution rates (ML): 1.136735 2.151376 1.369536 0.930198 2.489176 1.000000 


Final LogLikelihood: -61025.295175

AIC score: 122946.590350 / AICc score: 123140.752512 / BIC score: 125559.510445
Free parameters (model + branch lengths): 448

WARNING: Best ML tree contains 16 near-zero branches!

Best ML tree with collapsed near-zero branches saved to: /volumes/hd2/jeff/paprica/ref_genome_database/eukarya/combined_18S.eukarya.tax.Cercozoa.raxml.bestTreeCollapsed
Best ML tree saved to: /volumes/hd2/jeff/paprica/ref_genome_database/eukarya/combined_18S.eukarya.tax.Cercozoa.raxml.bestTree
All ML trees saved to: /volumes/hd2/jeff/paprica/ref_genome_database/eukarya/combined_18S.eukarya.tax.Cercozoa.raxml.mlTrees
Optimized model saved to: /volumes/hd2/jeff/paprica/ref_genome_database/eukarya/combined_18S.eukarya.tax.Cercozoa.raxml.bestModel

Execution log saved to: /volumes/hd2/jeff/paprica/ref_genome_database/eukarya/combined_18S.eukarya.tax.Cercozoa.raxml.log

Analysis started: 28-Jan-2021 05:50:13 / finished: 28-Jan-2021 05:53:23

Elapsed time: 190.308 seconds

Consumed energy: 9.696 Wh

