
RAxML-NG v. 1.0.1 released on 19.09.2020 by The Exelixis Lab.
Developed by: Alexey M. Kozlov and Alexandros Stamatakis.
Contributors: Diego Darriba, Tomas Flouri, Benoit Morel, Sarah Lutteropp, Ben Bettisworth.
Latest version: https://github.com/amkozlov/raxml-ng
Questions/problems/suggestions? Please visit: https://groups.google.com/forum/#!forum/raxml

System: Intel(R) Xeon(R) CPU E5-2695 v4 @ 2.10GHz, 36 cores, 251 GB RAM

RAxML-NG was called at 28-Jan-2021 04:31:27 as follows:

raxml-ng --redo --search --msa /volumes/hd2/jeff/paprica/ref_genome_database/eukarya/combined_18S.eukarya.tax.Chrysophyceae.raxml.rba --prefix /volumes/hd2/jeff/paprica/ref_genome_database/eukarya/combined_18S.eukarya.tax.Chrysophyceae --workers 18 --tree pars{9},rand{9} --threads 36

Analysis options:
  run mode: ML tree search
  start tree(s): random (9) + parsimony (9)
  random seed: 1611837087
  tip-inner: OFF
  pattern compression: ON
  per-rate scalers: OFF
  site repeats: ON
  fast spr radius: AUTO
  spr subtree cutoff: 1.000000
  branch lengths: proportional (ML estimate, algorithm: NR-FAST)
  SIMD kernels: AVX2
  parallelization: coarse-grained (18 workers), PTHREADS (36 threads), thread pinning: OFF

WARNING: Running in REDO mode: existing checkpoints are ignored, and all result files will be overwritten!

[00:00:00] Loading binary alignment from file: /volumes/hd2/jeff/paprica/ref_genome_database/eukarya/combined_18S.eukarya.tax.Chrysophyceae.raxml.rba
[00:00:00] Alignment comprises 129 taxa, 1 partitions and 795 patterns

Partition 0: noname
Model: GTR+FO+G4m
Alignment sites / patterns: 1732 / 795
Gaps: 5.83 %
Invariant sites: 56.06 %


Parallel reduction/worker buffer size: 1 KB  / 0 KB

[00:00:00] Generating 9 random starting tree(s) with 129 taxa
[00:00:00] Generating 9 parsimony starting tree(s) with 129 taxa
[00:00:00] Data distribution: max. partitions/sites/weight per thread: 1 / 398 / 6368
[00:00:00] Data distribution: max. searches per worker: 1

Starting ML tree search with 18 distinct starting trees

[00:00:00 -51497.533557] Initial branch length optimization
[00:00:00 -45566.999237] Model parameter optimization (eps = 10.000000)
[00:00:01 -40951.999296] AUTODETECT spr round 1 (radius: 5)
[00:00:02 -32347.018180] AUTODETECT spr round 2 (radius: 10)
[00:00:04 -26537.151293] AUTODETECT spr round 3 (radius: 15)
[00:00:07 -26110.980080] AUTODETECT spr round 4 (radius: 20)
[00:00:09 -26096.217723] AUTODETECT spr round 5 (radius: 25)
[00:00:10 -26096.214482] SPR radius for FAST iterations: 20 (autodetect)
[00:00:10 -26096.214482] Model parameter optimization (eps = 3.000000)
[00:00:10 -26039.081457] FAST spr round 1 (radius: 20)
[00:00:12 -24797.891702] FAST spr round 2 (radius: 20)
[00:00:14 -24747.672428] FAST spr round 3 (radius: 20)
[00:00:14 -24747.672393] Model parameter optimization (eps = 1.000000)
[00:00:15 -24744.920628] SLOW spr round 1 (radius: 5)
[00:00:19 -24742.362199] SLOW spr round 2 (radius: 5)
[00:00:22 -24742.361411] SLOW spr round 3 (radius: 10)
[00:00:26 -24742.361399] SLOW spr round 4 (radius: 15)
[00:00:31] [worker #9] ML tree search #10, logLikelihood: -24712.336728
[00:00:32] [worker #15] ML tree search #16, logLikelihood: -24707.483710
[00:00:32 -24731.907005] SLOW spr round 5 (radius: 5)
[00:00:33] [worker #2] ML tree search #3, logLikelihood: -24720.310250
[00:00:35] [worker #16] ML tree search #17, logLikelihood: -24704.329552
[00:00:37] [worker #10] ML tree search #11, logLikelihood: -24706.990294
[00:00:37] [worker #1] ML tree search #2, logLikelihood: -24711.865649
[00:00:38 -24731.906362] SLOW spr round 6 (radius: 10)
[00:00:40] [worker #13] ML tree search #14, logLikelihood: -24711.248917
[00:00:42] [worker #11] ML tree search #12, logLikelihood: -24707.381205
[00:00:42] [worker #3] ML tree search #4, logLikelihood: -24714.506915
[00:00:43 -24731.906346] SLOW spr round 7 (radius: 15)
[00:00:44] [worker #5] ML tree search #6, logLikelihood: -24720.322881
[00:00:49 -24731.906345] SLOW spr round 8 (radius: 20)
[00:00:49] [worker #8] ML tree search #9, logLikelihood: -24718.818567
[00:00:52 -24731.906345] SLOW spr round 9 (radius: 25)
[00:00:52] [worker #4] ML tree search #5, logLikelihood: -24718.467542
[00:00:53 -24731.906345] Model parameter optimization (eps = 0.100000)

[00:00:53] [worker #0] ML tree search #1, logLikelihood: -24731.847081

[00:00:54] [worker #14] ML tree search #15, logLikelihood: -24704.437780
[00:00:55] [worker #12] ML tree search #13, logLikelihood: -24705.807835
[00:01:09] [worker #17] ML tree search #18, logLikelihood: -24710.211870
[00:01:15] [worker #6] ML tree search #7, logLikelihood: -24711.064283
[00:01:21] [worker #7] ML tree search #8, logLikelihood: -24706.826689

Optimized model parameters:

   Partition 0: noname
   Rate heterogeneity: GAMMA (4 cats, mean),  alpha: 0.220141 (ML),  weights&rates: (0.250000,0.000999) (0.250000,0.046143) (0.250000,0.434158) (0.250000,3.518700) 
   Base frequencies (ML): 0.251968 0.201206 0.231295 0.315531 
   Substitution rates (ML): 0.922441 2.325293 1.084555 0.719876 2.853579 1.000000 


Final LogLikelihood: -24704.329552

AIC score: 49936.659104 / AICc score: 50032.037427 / BIC score: 51377.315575
Free parameters (model + branch lengths): 264

WARNING: Best ML tree contains 13 near-zero branches!

Best ML tree with collapsed near-zero branches saved to: /volumes/hd2/jeff/paprica/ref_genome_database/eukarya/combined_18S.eukarya.tax.Chrysophyceae.raxml.bestTreeCollapsed
Best ML tree saved to: /volumes/hd2/jeff/paprica/ref_genome_database/eukarya/combined_18S.eukarya.tax.Chrysophyceae.raxml.bestTree
All ML trees saved to: /volumes/hd2/jeff/paprica/ref_genome_database/eukarya/combined_18S.eukarya.tax.Chrysophyceae.raxml.mlTrees
Optimized model saved to: /volumes/hd2/jeff/paprica/ref_genome_database/eukarya/combined_18S.eukarya.tax.Chrysophyceae.raxml.bestModel

Execution log saved to: /volumes/hd2/jeff/paprica/ref_genome_database/eukarya/combined_18S.eukarya.tax.Chrysophyceae.raxml.log

Analysis started: 28-Jan-2021 04:31:27 / finished: 28-Jan-2021 04:32:49

Elapsed time: 81.430 seconds

Consumed energy: 3.788 Wh

