
RAxML-NG v. 1.0.1 released on 19.09.2020 by The Exelixis Lab.
Developed by: Alexey M. Kozlov and Alexandros Stamatakis.
Contributors: Diego Darriba, Tomas Flouri, Benoit Morel, Sarah Lutteropp, Ben Bettisworth.
Latest version: https://github.com/amkozlov/raxml-ng
Questions/problems/suggestions? Please visit: https://groups.google.com/forum/#!forum/raxml

System: Intel(R) Xeon(R) CPU E5-2695 v4 @ 2.10GHz, 36 cores, 251 GB RAM

RAxML-NG was called at 28-Jan-2021 06:29:39 as follows:

raxml-ng --redo --search --msa /volumes/hd2/jeff/paprica/ref_genome_database/eukarya/combined_18S.eukarya.tax.Centroheliozoa.raxml.rba --prefix /volumes/hd2/jeff/paprica/ref_genome_database/eukarya/combined_18S.eukarya.tax.Centroheliozoa --workers 18 --tree pars{9},rand{9} --threads 36

Analysis options:
  run mode: ML tree search
  start tree(s): random (9) + parsimony (9)
  random seed: 1611844179
  tip-inner: OFF
  pattern compression: ON
  per-rate scalers: OFF
  site repeats: ON
  fast spr radius: AUTO
  spr subtree cutoff: 1.000000
  branch lengths: proportional (ML estimate, algorithm: NR-FAST)
  SIMD kernels: AVX2
  parallelization: coarse-grained (18 workers), PTHREADS (36 threads), thread pinning: OFF

WARNING: Running in REDO mode: existing checkpoints are ignored, and all result files will be overwritten!

[00:00:00] Loading binary alignment from file: /volumes/hd2/jeff/paprica/ref_genome_database/eukarya/combined_18S.eukarya.tax.Centroheliozoa.raxml.rba
[00:00:00] Alignment comprises 6 taxa, 1 partitions and 396 patterns

Partition 0: noname
Model: GTR+FO+G4m
Alignment sites / patterns: 1763 / 396
Gaps: 8.93 %
Invariant sites: 73.40 %


Parallel reduction/worker buffer size: 1 KB  / 0 KB

[00:00:00] Generating 9 random starting tree(s) with 6 taxa
[00:00:00] Generating 9 parsimony starting tree(s) with 6 taxa
[00:00:00] Data distribution: max. partitions/sites/weight per thread: 1 / 198 / 3168
[00:00:00] Data distribution: max. searches per worker: 1

Starting ML tree search with 18 distinct starting trees

[00:00:00 -6043.508556] Initial branch length optimization
[00:00:00 -5948.458750] Model parameter optimization (eps = 10.000000)
[00:00:00 -5658.542587] AUTODETECT spr round 1 (radius: 5)
[00:00:00 -5651.318160] SPR radius for FAST iterations: 5 (autodetect)
[00:00:00 -5651.318160] Model parameter optimization (eps = 3.000000)
[00:00:00 -5651.079307] FAST spr round 1 (radius: 5)
[00:00:00 -5650.816719] FAST spr round 2 (radius: 5)
[00:00:00 -5650.816655] Model parameter optimization (eps = 1.000000)
[00:00:00 -5650.809942] SLOW spr round 1 (radius: 5)
[00:00:00] [worker #8] ML tree search #9, logLikelihood: -5650.762089
[00:00:00] [worker #10] ML tree search #11, logLikelihood: -5650.810204
[00:00:00] [worker #9] ML tree search #10, logLikelihood: -5650.810065
[00:00:00] [worker #6] ML tree search #7, logLikelihood: -5650.761802
[00:00:00] [worker #7] ML tree search #8, logLikelihood: -5650.810135
[00:00:00] [worker #2] ML tree search #3, logLikelihood: -5650.761973
[00:00:00] [worker #13] ML tree search #14, logLikelihood: -5650.810196
[00:00:00] [worker #12] ML tree search #13, logLikelihood: -5650.762437
[00:00:00] [worker #3] ML tree search #4, logLikelihood: -5650.809735
[00:00:00] [worker #11] ML tree search #12, logLikelihood: -5650.810213
[00:00:00] [worker #4] ML tree search #5, logLikelihood: -5650.762463
[00:00:00] [worker #5] ML tree search #6, logLikelihood: -5650.762035
[00:00:00 -5650.809937] Model parameter optimization (eps = 0.100000)
[00:00:00] [worker #1] ML tree search #2, logLikelihood: -5650.810164

[00:00:00] [worker #0] ML tree search #1, logLikelihood: -5650.809735

[00:00:00] [worker #16] ML tree search #17, logLikelihood: -5650.762171
[00:00:00] [worker #17] ML tree search #18, logLikelihood: -5650.810090
[00:00:00] [worker #15] ML tree search #16, logLikelihood: -5650.810197
[00:00:00] [worker #14] ML tree search #15, logLikelihood: -5650.809774

Optimized model parameters:

   Partition 0: noname
   Rate heterogeneity: GAMMA (4 cats, mean),  alpha: 0.134216 (ML),  weights&rates: (0.250000,0.000018) (0.250000,0.006271) (0.250000,0.193880) (0.250000,3.799831) 
   Base frequencies (ML): 0.251066 0.189203 0.268662 0.291068 
   Substitution rates (ML): 0.416092 0.645544 0.573477 1.197463 2.386633 1.000000 


Final LogLikelihood: -5650.761802

AIC score: 11337.523605 / AICc score: 11337.915807 / BIC score: 11436.069504
Free parameters (model + branch lengths): 18

Best ML tree saved to: /volumes/hd2/jeff/paprica/ref_genome_database/eukarya/combined_18S.eukarya.tax.Centroheliozoa.raxml.bestTree
All ML trees saved to: /volumes/hd2/jeff/paprica/ref_genome_database/eukarya/combined_18S.eukarya.tax.Centroheliozoa.raxml.mlTrees
Optimized model saved to: /volumes/hd2/jeff/paprica/ref_genome_database/eukarya/combined_18S.eukarya.tax.Centroheliozoa.raxml.bestModel

Execution log saved to: /volumes/hd2/jeff/paprica/ref_genome_database/eukarya/combined_18S.eukarya.tax.Centroheliozoa.raxml.log

Analysis started: 28-Jan-2021 06:29:39 / finished: 28-Jan-2021 06:29:39

Elapsed time: 0.194 seconds

