
RAxML-NG v. 1.0.1 released on 19.09.2020 by The Exelixis Lab.
Developed by: Alexey M. Kozlov and Alexandros Stamatakis.
Contributors: Diego Darriba, Tomas Flouri, Benoit Morel, Sarah Lutteropp, Ben Bettisworth.
Latest version: https://github.com/amkozlov/raxml-ng
Questions/problems/suggestions? Please visit: https://groups.google.com/forum/#!forum/raxml

System: Intel(R) Xeon(R) CPU E5-2695 v4 @ 2.10GHz, 36 cores, 251 GB RAM

RAxML-NG was called at 28-Jan-2021 06:29:35 as follows:

raxml-ng --redo --search --msa /volumes/hd2/jeff/paprica/ref_genome_database/eukarya/combined_18S.eukarya.tax.Glaucophyta.raxml.rba --prefix /volumes/hd2/jeff/paprica/ref_genome_database/eukarya/combined_18S.eukarya.tax.Glaucophyta --workers 18 --tree pars{9},rand{9} --threads 36

Analysis options:
  run mode: ML tree search
  start tree(s): random (9) + parsimony (9)
  random seed: 1611844175
  tip-inner: OFF
  pattern compression: ON
  per-rate scalers: OFF
  site repeats: ON
  fast spr radius: AUTO
  spr subtree cutoff: 1.000000
  branch lengths: proportional (ML estimate, algorithm: NR-FAST)
  SIMD kernels: AVX2
  parallelization: coarse-grained (18 workers), PTHREADS (36 threads), thread pinning: OFF

WARNING: Running in REDO mode: existing checkpoints are ignored, and all result files will be overwritten!

[00:00:00] Loading binary alignment from file: /volumes/hd2/jeff/paprica/ref_genome_database/eukarya/combined_18S.eukarya.tax.Glaucophyta.raxml.rba
[00:00:00] Alignment comprises 5 taxa, 1 partitions and 128 patterns

Partition 0: noname
Model: GTR+FO+G4m
Alignment sites / patterns: 1737 / 128
Gaps: 0.96 %
Invariant sites: 83.82 %


Parallel reduction/worker buffer size: 1 KB  / 0 KB

[00:00:00] Generating 9 random starting tree(s) with 5 taxa
[00:00:00] Generating 9 parsimony starting tree(s) with 5 taxa
[00:00:00] Data distribution: max. partitions/sites/weight per thread: 1 / 64 / 1024
[00:00:00] Data distribution: max. searches per worker: 1

Starting ML tree search with 18 distinct starting trees

[00:00:00 -4656.001376] Initial branch length optimization
[00:00:00 -4192.927187] Model parameter optimization (eps = 10.000000)
[00:00:00 -4065.994902] AUTODETECT spr round 1 (radius: 5)
[00:00:00 -4045.508946] SPR radius for FAST iterations: 5 (autodetect)
[00:00:00 -4045.508946] Model parameter optimization (eps = 3.000000)
[00:00:00 -4044.329931] FAST spr round 1 (radius: 5)
[00:00:00] [worker #10] ML tree search #11, logLikelihood: -4044.301306
[00:00:00] [worker #11] ML tree search #12, logLikelihood: -4044.301354
[00:00:00] [worker #8] ML tree search #9, logLikelihood: -4044.301309
[00:00:00] [worker #13] ML tree search #14, logLikelihood: -4044.301308
[00:00:00] [worker #9] ML tree search #10, logLikelihood: -4044.301306
[00:00:00] [worker #12] ML tree search #13, logLikelihood: -4044.301358
[00:00:00 -4044.329312] Model parameter optimization (eps = 1.000000)
[00:00:00] [worker #5] ML tree search #6, logLikelihood: -4044.301414
[00:00:00] [worker #16] ML tree search #17, logLikelihood: -4044.301321
[00:00:00] [worker #4] ML tree search #5, logLikelihood: -4044.301414
[00:00:00] [worker #14] ML tree search #15, logLikelihood: -4044.301356
[00:00:00] [worker #7] ML tree search #8, logLikelihood: -4044.301350
[00:00:00 -4044.301968] SLOW spr round 1 (radius: 5)
[00:00:00] [worker #6] ML tree search #7, logLikelihood: -4044.301361
[00:00:00] [worker #2] ML tree search #3, logLikelihood: -4044.301306
[00:00:00] [worker #3] ML tree search #4, logLikelihood: -4044.301350
[00:00:00] [worker #1] ML tree search #2, logLikelihood: -4044.301350
[00:00:00 -4044.301965] Model parameter optimization (eps = 0.100000)

[00:00:00] [worker #0] ML tree search #1, logLikelihood: -4044.301313

[00:00:00] [worker #17] ML tree search #18, logLikelihood: -4044.301368
[00:00:00] [worker #15] ML tree search #16, logLikelihood: -4044.301315

Optimized model parameters:

   Partition 0: noname
   Rate heterogeneity: GAMMA (4 cats, mean),  alpha: 0.117003 (ML),  weights&rates: (0.250000,0.000004) (0.250000,0.002943) (0.250000,0.142015) (0.250000,3.855038) 
   Base frequencies (ML): 0.262032 0.199420 0.258525 0.280022 
   Substitution rates (ML): 1.050317 2.441274 0.872202 1.589009 5.752391 1.000000 


Final LogLikelihood: -4044.301306

AIC score: 8120.602611 / AICc score: 8120.918890 / BIC score: 8207.961247
Free parameters (model + branch lengths): 16

Best ML tree saved to: /volumes/hd2/jeff/paprica/ref_genome_database/eukarya/combined_18S.eukarya.tax.Glaucophyta.raxml.bestTree
All ML trees saved to: /volumes/hd2/jeff/paprica/ref_genome_database/eukarya/combined_18S.eukarya.tax.Glaucophyta.raxml.mlTrees
Optimized model saved to: /volumes/hd2/jeff/paprica/ref_genome_database/eukarya/combined_18S.eukarya.tax.Glaucophyta.raxml.bestModel

Execution log saved to: /volumes/hd2/jeff/paprica/ref_genome_database/eukarya/combined_18S.eukarya.tax.Glaucophyta.raxml.log

Analysis started: 28-Jan-2021 06:29:35 / finished: 28-Jan-2021 06:29:36

Elapsed time: 0.099 seconds

