
RAxML-NG v. 1.0.1 released on 19.09.2020 by The Exelixis Lab.
Developed by: Alexey M. Kozlov and Alexandros Stamatakis.
Contributors: Diego Darriba, Tomas Flouri, Benoit Morel, Sarah Lutteropp, Ben Bettisworth.
Latest version: https://github.com/amkozlov/raxml-ng
Questions/problems/suggestions? Please visit: https://groups.google.com/forum/#!forum/raxml

System: Intel(R) Xeon(R) CPU E5-2695 v4 @ 2.10GHz, 36 cores, 251 GB RAM

RAxML-NG was called at 28-Jan-2021 06:18:48 as follows:

raxml-ng --redo --search --msa /volumes/hd2/jeff/paprica/ref_genome_database/eukarya/combined_18S.eukarya.tax.Apicomplexa.raxml.rba --prefix /volumes/hd2/jeff/paprica/ref_genome_database/eukarya/combined_18S.eukarya.tax.Apicomplexa --workers 18 --tree pars{9},rand{9} --threads 36

Analysis options:
  run mode: ML tree search
  start tree(s): random (9) + parsimony (9)
  random seed: 1611843528
  tip-inner: OFF
  pattern compression: ON
  per-rate scalers: OFF
  site repeats: ON
  fast spr radius: AUTO
  spr subtree cutoff: 1.000000
  branch lengths: proportional (ML estimate, algorithm: NR-FAST)
  SIMD kernels: AVX2
  parallelization: coarse-grained (18 workers), PTHREADS (36 threads), thread pinning: OFF

WARNING: Running in REDO mode: existing checkpoints are ignored, and all result files will be overwritten!

[00:00:00] Loading binary alignment from file: /volumes/hd2/jeff/paprica/ref_genome_database/eukarya/combined_18S.eukarya.tax.Apicomplexa.raxml.rba
[00:00:00] Alignment comprises 297 taxa, 1 partitions and 1477 patterns

Partition 0: noname
Model: GTR+FO+G4m
Alignment sites / patterns: 2004 / 1477
Gaps: 36.90 %
Invariant sites: 28.94 %


Parallel reduction/worker buffer size: 1 KB  / 0 KB

[00:00:00] Generating 9 random starting tree(s) with 297 taxa
[00:00:00] Generating 9 parsimony starting tree(s) with 297 taxa
[00:00:00] Data distribution: max. partitions/sites/weight per thread: 1 / 739 / 11824
[00:00:00] Data distribution: max. searches per worker: 1

Starting ML tree search with 18 distinct starting trees

[00:00:01 -161539.187389] Initial branch length optimization
[00:00:02 -141594.541581] Model parameter optimization (eps = 10.000000)
[00:00:13 -130969.432515] AUTODETECT spr round 1 (radius: 5)
[00:00:20 -96391.376049] AUTODETECT spr round 2 (radius: 10)
[00:00:31 -75192.015692] AUTODETECT spr round 3 (radius: 15)
[00:00:44 -62675.094552] AUTODETECT spr round 4 (radius: 20)
[00:01:01 -61026.217553] AUTODETECT spr round 5 (radius: 25)
[00:01:17 -61019.087215] SPR radius for FAST iterations: 25 (autodetect)
[00:01:17 -61019.087215] Model parameter optimization (eps = 3.000000)
[00:01:20 -60738.102602] FAST spr round 1 (radius: 25)
[00:01:31 -55458.709080] FAST spr round 2 (radius: 25)
[00:01:39 -55211.480056] FAST spr round 3 (radius: 25)
[00:01:46 -55193.976569] FAST spr round 4 (radius: 25)
[00:01:51 -55193.975086] Model parameter optimization (eps = 1.000000)
[00:01:52 -55181.469359] SLOW spr round 1 (radius: 5)
[00:02:07 -55170.335955] SLOW spr round 2 (radius: 5)
[00:02:22 -55163.727584] SLOW spr round 3 (radius: 5)
[00:02:34 -55163.727220] SLOW spr round 4 (radius: 10)
[00:02:49 -55161.159383] SLOW spr round 5 (radius: 5)
[00:03:12 -55161.157901] SLOW spr round 6 (radius: 10)
[00:03:22] [worker #16] ML tree search #17, logLikelihood: -55154.501595
[00:03:29 -55161.157665] SLOW spr round 7 (radius: 15)
[00:03:49] [worker #15] ML tree search #16, logLikelihood: -55155.249531
[00:03:56 -55161.157523] SLOW spr round 8 (radius: 20)
[00:04:07] [worker #12] ML tree search #13, logLikelihood: -55154.940563
[00:04:16] [worker #6] ML tree search #7, logLikelihood: -55159.605109
[00:04:16] [worker #14] ML tree search #15, logLikelihood: -55157.503416
[00:04:23] [worker #9] ML tree search #10, logLikelihood: -55157.394479
[00:04:26] [worker #11] ML tree search #12, logLikelihood: -55160.241043
[00:04:30 -55160.661650] SLOW spr round 9 (radius: 5)
[00:04:36] [worker #17] ML tree search #18, logLikelihood: -55156.567152
[00:04:44] [worker #13] ML tree search #14, logLikelihood: -55153.559764
[00:04:55 -55160.659393] SLOW spr round 10 (radius: 10)
[00:05:15 -55160.659161] SLOW spr round 11 (radius: 15)
[00:05:24] [worker #1] ML tree search #2, logLikelihood: -55152.913359
[00:05:26] [worker #4] ML tree search #5, logLikelihood: -55160.637849
[00:05:38 -55160.659066] SLOW spr round 12 (radius: 20)
[00:05:42] [worker #8] ML tree search #9, logLikelihood: -55155.798114
[00:05:45] [worker #7] ML tree search #8, logLikelihood: -55155.415234
[00:06:03] [worker #10] ML tree search #11, logLikelihood: -55156.444581
[00:06:10 -55160.658992] SLOW spr round 13 (radius: 25)
[00:06:25] [worker #5] ML tree search #6, logLikelihood: -55161.366615
[00:06:27] [worker #2] ML tree search #3, logLikelihood: -55157.953808
[00:06:40 -55160.658929] Model parameter optimization (eps = 0.100000)

[00:06:41] [worker #0] ML tree search #1, logLikelihood: -55159.983110

[00:06:45] [worker #3] ML tree search #4, logLikelihood: -55154.101763

Optimized model parameters:

   Partition 0: noname
   Rate heterogeneity: GAMMA (4 cats, mean),  alpha: 0.412899 (ML),  weights&rates: (0.250000,0.018618) (0.250000,0.191324) (0.250000,0.744870) (0.250000,3.045188) 
   Base frequencies (ML): 0.242592 0.179442 0.220334 0.357633 
   Substitution rates (ML): 0.937071 2.208545 1.265744 0.961172 2.528991 1.000000 


Final LogLikelihood: -55152.913359

AIC score: 111505.826718 / AICc score: 112019.868057 / BIC score: 114867.566995
Free parameters (model + branch lengths): 600

WARNING: Best ML tree contains 40 near-zero branches!

Best ML tree with collapsed near-zero branches saved to: /volumes/hd2/jeff/paprica/ref_genome_database/eukarya/combined_18S.eukarya.tax.Apicomplexa.raxml.bestTreeCollapsed
Best ML tree saved to: /volumes/hd2/jeff/paprica/ref_genome_database/eukarya/combined_18S.eukarya.tax.Apicomplexa.raxml.bestTree
All ML trees saved to: /volumes/hd2/jeff/paprica/ref_genome_database/eukarya/combined_18S.eukarya.tax.Apicomplexa.raxml.mlTrees
Optimized model saved to: /volumes/hd2/jeff/paprica/ref_genome_database/eukarya/combined_18S.eukarya.tax.Apicomplexa.raxml.bestModel

Execution log saved to: /volumes/hd2/jeff/paprica/ref_genome_database/eukarya/combined_18S.eukarya.tax.Apicomplexa.raxml.log

Analysis started: 28-Jan-2021 06:18:48 / finished: 28-Jan-2021 06:25:34

Elapsed time: 405.627 seconds

Consumed energy: 20.304 Wh

