
RAxML-NG v. 1.0.1 released on 19.09.2020 by The Exelixis Lab.
Developed by: Alexey M. Kozlov and Alexandros Stamatakis.
Contributors: Diego Darriba, Tomas Flouri, Benoit Morel, Sarah Lutteropp, Ben Bettisworth.
Latest version: https://github.com/amkozlov/raxml-ng
Questions/problems/suggestions? Please visit: https://groups.google.com/forum/#!forum/raxml

System: Intel(R) Xeon(R) CPU E5-2695 v4 @ 2.10GHz, 36 cores, 251 GB RAM

RAxML-NG was called at 27-Dec-2020 02:08:36 as follows:

raxml-ng --redo --search --msa /volumes/hd2/jeff/paprica/ref_genome_database/eukarya/combined_18S.eukarya.tax.Discoba.raxml.rba --prefix /volumes/hd2/jeff/paprica/ref_genome_database/eukarya/combined_18S.eukarya.tax.Discoba --workers 18 --tree pars{9},rand{9} --threads 36

Analysis options:
  run mode: ML tree search
  start tree(s): random (9) + parsimony (9)
  random seed: 1609063716
  tip-inner: OFF
  pattern compression: ON
  per-rate scalers: OFF
  site repeats: ON
  fast spr radius: AUTO
  spr subtree cutoff: 1.000000
  branch lengths: proportional (ML estimate, algorithm: NR-FAST)
  SIMD kernels: AVX2
  parallelization: coarse-grained (18 workers), PTHREADS (36 threads), thread pinning: OFF

WARNING: Running in REDO mode: existing checkpoints are ignored, and all result files will be overwritten!

[00:00:00] Loading binary alignment from file: /volumes/hd2/jeff/paprica/ref_genome_database/eukarya/combined_18S.eukarya.tax.Discoba.raxml.rba
[00:00:00] Alignment comprises 19 taxa, 1 partitions and 1113 patterns

Partition 0: noname
Model: GTR+FO+G4m
Alignment sites / patterns: 1668 / 1113
Gaps: 26.56 %
Invariant sites: 31.29 %


Parallel reduction/worker buffer size: 1 KB  / 0 KB

[00:00:00] Generating 9 random starting tree(s) with 19 taxa
[00:00:00] Generating 9 parsimony starting tree(s) with 19 taxa
[00:00:00] Data distribution: max. partitions/sites/weight per thread: 1 / 557 / 8912
[00:00:00] Data distribution: max. searches per worker: 1

Starting ML tree search with 18 distinct starting trees

[00:00:00 -22587.050978] Initial branch length optimization
[00:00:00 -20647.420128] Model parameter optimization (eps = 10.000000)
[00:00:00 -20040.163433] AUTODETECT spr round 1 (radius: 5)
[00:00:00 -17361.898362] AUTODETECT spr round 2 (radius: 10)
[00:00:00 -17361.880782] SPR radius for FAST iterations: 5 (autodetect)
[00:00:00 -17361.880782] Model parameter optimization (eps = 3.000000)
[00:00:00 -17327.869084] FAST spr round 1 (radius: 5)
[00:00:00 -17325.410754] FAST spr round 2 (radius: 5)
[00:00:01 -17325.121170] FAST spr round 3 (radius: 5)
[00:00:01 -17325.117964] Model parameter optimization (eps = 1.000000)
[00:00:01 -17324.639893] SLOW spr round 1 (radius: 5)
[00:00:01] [worker #16] ML tree search #17, logLikelihood: -17324.457830
[00:00:02] [worker #13] ML tree search #14, logLikelihood: -17324.469314
[00:00:02 -17324.578205] SLOW spr round 2 (radius: 10)
[00:00:02] [worker #11] ML tree search #12, logLikelihood: -17324.456867
[00:00:02] [worker #14] ML tree search #15, logLikelihood: -17324.460589
[00:00:02] [worker #15] ML tree search #16, logLikelihood: -17324.461431
[00:00:02] [worker #9] ML tree search #10, logLikelihood: -17324.461504
[00:00:02] [worker #17] ML tree search #18, logLikelihood: -17324.462723
[00:00:02] [worker #12] ML tree search #13, logLikelihood: -17324.460479
[00:00:02 -17324.556886] SLOW spr round 3 (radius: 15)
[00:00:02 -17324.549949] Model parameter optimization (eps = 0.100000)
[00:00:02] [worker #10] ML tree search #11, logLikelihood: -17324.470368

[00:00:02] [worker #0] ML tree search #1, logLikelihood: -17324.479907

[00:00:02] [worker #6] ML tree search #7, logLikelihood: -17324.477818
[00:00:02] [worker #2] ML tree search #3, logLikelihood: -17324.484113
[00:00:02] [worker #5] ML tree search #6, logLikelihood: -17324.486717
[00:00:02] [worker #3] ML tree search #4, logLikelihood: -17324.481687
[00:00:03] [worker #7] ML tree search #8, logLikelihood: -17324.482638
[00:00:03] [worker #4] ML tree search #5, logLikelihood: -17324.495069
[00:00:03] [worker #1] ML tree search #2, logLikelihood: -17324.590133
[00:00:03] [worker #8] ML tree search #9, logLikelihood: -17324.527566

Optimized model parameters:

   Partition 0: noname
   Rate heterogeneity: GAMMA (4 cats, mean),  alpha: 0.381697 (ML),  weights&rates: (0.250000,0.014165) (0.250000,0.167956) (0.250000,0.710690) (0.250000,3.107189) 
   Base frequencies (ML): 0.222184 0.241410 0.278316 0.258091 
   Substitution rates (ML): 1.195304 2.318463 1.382118 0.900576 3.639832 1.000000 


Final LogLikelihood: -17324.456867

AIC score: 34736.913733 / AICc score: 34739.353659 / BIC score: 34975.366479
Free parameters (model + branch lengths): 44

Best ML tree saved to: /volumes/hd2/jeff/paprica/ref_genome_database/eukarya/combined_18S.eukarya.tax.Discoba.raxml.bestTree
All ML trees saved to: /volumes/hd2/jeff/paprica/ref_genome_database/eukarya/combined_18S.eukarya.tax.Discoba.raxml.mlTrees
Optimized model saved to: /volumes/hd2/jeff/paprica/ref_genome_database/eukarya/combined_18S.eukarya.tax.Discoba.raxml.bestModel

Execution log saved to: /volumes/hd2/jeff/paprica/ref_genome_database/eukarya/combined_18S.eukarya.tax.Discoba.raxml.log

Analysis started: 27-Dec-2020 02:08:36 / finished: 27-Dec-2020 02:08:39

Elapsed time: 3.506 seconds

Consumed energy: 0.163 Wh

