
RAxML-NG v. 1.0.1 released on 19.09.2020 by The Exelixis Lab.
Developed by: Alexey M. Kozlov and Alexandros Stamatakis.
Contributors: Diego Darriba, Tomas Flouri, Benoit Morel, Sarah Lutteropp, Ben Bettisworth.
Latest version: https://github.com/amkozlov/raxml-ng
Questions/problems/suggestions? Please visit: https://groups.google.com/forum/#!forum/raxml

System: Intel(R) Xeon(R) CPU E5-2695 v4 @ 2.10GHz, 36 cores, 251 GB RAM

RAxML-NG was called at 28-Jan-2021 04:36:30 as follows:

raxml-ng --redo --search --msa /volumes/hd2/jeff/paprica/ref_genome_database/eukarya/combined_18S.eukarya.tax.Bolidophyceae.raxml.rba --prefix /volumes/hd2/jeff/paprica/ref_genome_database/eukarya/combined_18S.eukarya.tax.Bolidophyceae --workers 18 --tree pars{9},rand{9} --threads 36

Analysis options:
  run mode: ML tree search
  start tree(s): random (9) + parsimony (9)
  random seed: 1611837390
  tip-inner: OFF
  pattern compression: ON
  per-rate scalers: OFF
  site repeats: ON
  fast spr radius: AUTO
  spr subtree cutoff: 1.000000
  branch lengths: proportional (ML estimate, algorithm: NR-FAST)
  SIMD kernels: AVX2
  parallelization: coarse-grained (18 workers), PTHREADS (36 threads), thread pinning: OFF

WARNING: Running in REDO mode: existing checkpoints are ignored, and all result files will be overwritten!

[00:00:00] Loading binary alignment from file: /volumes/hd2/jeff/paprica/ref_genome_database/eukarya/combined_18S.eukarya.tax.Bolidophyceae.raxml.rba
[00:00:00] Alignment comprises 9 taxa, 1 partitions and 233 patterns

Partition 0: noname
Model: GTR+FO+G4m
Alignment sites / patterns: 1717 / 233
Gaps: 1.33 %
Invariant sites: 83.46 %


Parallel reduction/worker buffer size: 1 KB  / 0 KB

[00:00:00] Generating 9 random starting tree(s) with 9 taxa
[00:00:00] Generating 9 parsimony starting tree(s) with 9 taxa
[00:00:00] Data distribution: max. partitions/sites/weight per thread: 1 / 117 / 1872
[00:00:00] Data distribution: max. searches per worker: 1

Starting ML tree search with 18 distinct starting trees

[00:00:00 -6003.139018] Initial branch length optimization
[00:00:00 -5146.460933] Model parameter optimization (eps = 10.000000)
[00:00:00 -4837.373675] AUTODETECT spr round 1 (radius: 5)
[00:00:00 -4676.549753] SPR radius for FAST iterations: 5 (autodetect)
[00:00:00 -4676.549753] Model parameter optimization (eps = 3.000000)
[00:00:00 -4675.325597] FAST spr round 1 (radius: 5)
[00:00:00 -4669.414692] FAST spr round 2 (radius: 5)
[00:00:00] [worker #16] ML tree search #17, logLikelihood: -4669.285928
[00:00:00] [worker #11] ML tree search #12, logLikelihood: -4669.285925
[00:00:00] [worker #10] ML tree search #11, logLikelihood: -4669.285927
[00:00:00 -4669.414373] Model parameter optimization (eps = 1.000000)
[00:00:00] [worker #4] ML tree search #5, logLikelihood: -4669.285915
[00:00:00] [worker #9] ML tree search #10, logLikelihood: -4669.285951
[00:00:00] [worker #15] ML tree search #16, logLikelihood: -4669.285954
[00:00:00 -4669.286914] SLOW spr round 1 (radius: 5)
[00:00:00] [worker #2] ML tree search #3, logLikelihood: -4669.285933
[00:00:00] [worker #13] ML tree search #14, logLikelihood: -4669.285954
[00:00:00] [worker #12] ML tree search #13, logLikelihood: -4669.285952
[00:00:00] [worker #5] ML tree search #6, logLikelihood: -4669.285949
[00:00:00] [worker #6] ML tree search #7, logLikelihood: -4669.285924
[00:00:00] [worker #1] ML tree search #2, logLikelihood: -4669.285954
[00:00:00] [worker #3] ML tree search #4, logLikelihood: -4669.285986
[00:00:00] [worker #8] ML tree search #9, logLikelihood: -4669.285988
[00:00:00] [worker #7] ML tree search #8, logLikelihood: -4669.285969
[00:00:00] [worker #17] ML tree search #18, logLikelihood: -4669.285956
[00:00:00 -4669.286813] Model parameter optimization (eps = 0.100000)

[00:00:00] [worker #0] ML tree search #1, logLikelihood: -4669.285939

[00:00:00] [worker #14] ML tree search #15, logLikelihood: -4669.285951

Optimized model parameters:

   Partition 0: noname
   Rate heterogeneity: GAMMA (4 cats, mean),  alpha: 0.020130 (ML),  weights&rates: (0.250000,0.000000) (0.250000,0.000000) (0.250000,0.000001) (0.250000,3.999999) 
   Base frequencies (ML): 0.264849 0.191705 0.255933 0.287513 
   Substitution rates (ML): 0.584460 1.217112 0.834511 1.237441 2.658303 1.000000 


Final LogLikelihood: -4669.285915

AIC score: 9386.571829 / AICc score: 9387.281049 / BIC score: 9517.331842
Free parameters (model + branch lengths): 24

WARNING: Best ML tree contains 1 near-zero branches!

Best ML tree with collapsed near-zero branches saved to: /volumes/hd2/jeff/paprica/ref_genome_database/eukarya/combined_18S.eukarya.tax.Bolidophyceae.raxml.bestTreeCollapsed
Best ML tree saved to: /volumes/hd2/jeff/paprica/ref_genome_database/eukarya/combined_18S.eukarya.tax.Bolidophyceae.raxml.bestTree
All ML trees saved to: /volumes/hd2/jeff/paprica/ref_genome_database/eukarya/combined_18S.eukarya.tax.Bolidophyceae.raxml.mlTrees
Optimized model saved to: /volumes/hd2/jeff/paprica/ref_genome_database/eukarya/combined_18S.eukarya.tax.Bolidophyceae.raxml.bestModel

Execution log saved to: /volumes/hd2/jeff/paprica/ref_genome_database/eukarya/combined_18S.eukarya.tax.Bolidophyceae.raxml.log

Analysis started: 28-Jan-2021 04:36:30 / finished: 28-Jan-2021 04:36:30

Elapsed time: 0.217 seconds

