
RAxML-NG v. 1.0.1 released on 19.09.2020 by The Exelixis Lab.
Developed by: Alexey M. Kozlov and Alexandros Stamatakis.
Contributors: Diego Darriba, Tomas Flouri, Benoit Morel, Sarah Lutteropp, Ben Bettisworth.
Latest version: https://github.com/amkozlov/raxml-ng
Questions/problems/suggestions? Please visit: https://groups.google.com/forum/#!forum/raxml

System: Intel(R) Xeon(R) CPU E5-2695 v4 @ 2.10GHz, 36 cores, 251 GB RAM

RAxML-NG was called at 28-Jan-2021 04:33:10 as follows:

raxml-ng --redo --search --msa /volumes/hd2/jeff/paprica/ref_genome_database/eukarya/combined_18S.eukarya.tax.Bacillariophyta.raxml.rba --prefix /volumes/hd2/jeff/paprica/ref_genome_database/eukarya/combined_18S.eukarya.tax.Bacillariophyta --workers 18 --tree pars{9},rand{9} --threads 36

Analysis options:
  run mode: ML tree search
  start tree(s): random (9) + parsimony (9)
  random seed: 1611837190
  tip-inner: OFF
  pattern compression: ON
  per-rate scalers: OFF
  site repeats: ON
  fast spr radius: AUTO
  spr subtree cutoff: 1.000000
  branch lengths: proportional (ML estimate, algorithm: NR-FAST)
  SIMD kernels: AVX2
  parallelization: coarse-grained (18 workers), PTHREADS (36 threads), thread pinning: OFF

WARNING: Running in REDO mode: existing checkpoints are ignored, and all result files will be overwritten!

[00:00:00] Loading binary alignment from file: /volumes/hd2/jeff/paprica/ref_genome_database/eukarya/combined_18S.eukarya.tax.Bacillariophyta.raxml.rba
[00:00:00] Alignment comprises 209 taxa, 1 partitions and 1118 patterns

Partition 0: noname
Model: GTR+FO+G4m
Alignment sites / patterns: 2091 / 1118
Gaps: 25.52 %
Invariant sites: 50.22 %


Parallel reduction/worker buffer size: 1 KB  / 0 KB

[00:00:00] Generating 9 random starting tree(s) with 209 taxa
[00:00:00] Generating 9 parsimony starting tree(s) with 209 taxa
[00:00:00] Data distribution: max. partitions/sites/weight per thread: 1 / 559 / 8944
[00:00:00] Data distribution: max. searches per worker: 1

Starting ML tree search with 18 distinct starting trees

[00:00:00 -94976.920045] Initial branch length optimization
[00:00:00 -84998.790861] Model parameter optimization (eps = 10.000000)
[00:00:06 -79374.915293] AUTODETECT spr round 1 (radius: 5)
[00:00:09 -65969.745345] AUTODETECT spr round 2 (radius: 10)
[00:00:14 -53181.205157] AUTODETECT spr round 3 (radius: 15)
[00:00:20 -50342.841397] AUTODETECT spr round 4 (radius: 20)
[00:00:27 -50338.641616] AUTODETECT spr round 5 (radius: 25)
[00:00:34 -50338.637525] SPR radius for FAST iterations: 20 (autodetect)
[00:00:34 -50338.637525] Model parameter optimization (eps = 3.000000)
[00:00:36 -50281.762762] FAST spr round 1 (radius: 20)
[00:00:42 -47805.586081] FAST spr round 2 (radius: 20)
[00:00:47 -47430.036560] FAST spr round 3 (radius: 20)
[00:00:50 -47423.618569] FAST spr round 4 (radius: 20)
[00:00:53 -47422.544814] FAST spr round 5 (radius: 20)
[00:00:56 -47422.431464] FAST spr round 6 (radius: 20)
[00:00:59 -47422.400689] Model parameter optimization (eps = 1.000000)
[00:01:00 -47420.931962] SLOW spr round 1 (radius: 5)
[00:01:10 -47411.367220] SLOW spr round 2 (radius: 5)
[00:01:19 -47403.037072] SLOW spr round 3 (radius: 5)
[00:01:27 -47403.037045] SLOW spr round 4 (radius: 10)
[00:01:34 -47403.037045] SLOW spr round 5 (radius: 15)
[00:01:48 -47403.037045] SLOW spr round 6 (radius: 20)
[00:01:49] [worker #1] ML tree search #2, logLikelihood: -47402.935119
[00:01:54] [worker #14] ML tree search #15, logLikelihood: -47434.685645
[00:01:55] [worker #17] ML tree search #18, logLikelihood: -47396.818923
[00:02:02 -47403.037045] SLOW spr round 7 (radius: 25)
[00:02:03] [worker #11] ML tree search #12, logLikelihood: -47455.868137
[00:02:03] [worker #3] ML tree search #4, logLikelihood: -47399.677767
[00:02:03] [worker #6] ML tree search #7, logLikelihood: -47402.587579
[00:02:15 -47403.037045] Model parameter optimization (eps = 0.100000)

[00:02:16] [worker #0] ML tree search #1, logLikelihood: -47402.977330

[00:02:18] [worker #16] ML tree search #17, logLikelihood: -47467.482039
[00:02:18] [worker #2] ML tree search #3, logLikelihood: -47378.411239
[00:02:20] [worker #9] ML tree search #10, logLikelihood: -47384.604241
[00:02:21] [worker #7] ML tree search #8, logLikelihood: -47396.095032
[00:02:23] [worker #4] ML tree search #5, logLikelihood: -47382.240932
[00:02:24] [worker #15] ML tree search #16, logLikelihood: -47391.092098
[00:02:31] [worker #13] ML tree search #14, logLikelihood: -47403.495728
[00:03:00] [worker #8] ML tree search #9, logLikelihood: -47438.774145
[00:03:06] [worker #12] ML tree search #13, logLikelihood: -47379.449566
[00:03:10] [worker #5] ML tree search #6, logLikelihood: -47402.643437
[00:03:16] [worker #10] ML tree search #11, logLikelihood: -47392.585046

Optimized model parameters:

   Partition 0: noname
   Rate heterogeneity: GAMMA (4 cats, mean),  alpha: 0.346314 (ML),  weights&rates: (0.250000,0.009791) (0.250000,0.140687) (0.250000,0.665983) (0.250000,3.183539) 
   Base frequencies (ML): 0.232597 0.186843 0.255069 0.325491 
   Substitution rates (ML): 0.855834 1.877816 0.970795 0.911700 2.638146 1.000000 


Final LogLikelihood: -47378.411239

AIC score: 95604.822477 / AICc score: 95821.149008 / BIC score: 97998.471102
Free parameters (model + branch lengths): 424

WARNING: Best ML tree contains 7 near-zero branches!

Best ML tree with collapsed near-zero branches saved to: /volumes/hd2/jeff/paprica/ref_genome_database/eukarya/combined_18S.eukarya.tax.Bacillariophyta.raxml.bestTreeCollapsed
Best ML tree saved to: /volumes/hd2/jeff/paprica/ref_genome_database/eukarya/combined_18S.eukarya.tax.Bacillariophyta.raxml.bestTree
All ML trees saved to: /volumes/hd2/jeff/paprica/ref_genome_database/eukarya/combined_18S.eukarya.tax.Bacillariophyta.raxml.mlTrees
Optimized model saved to: /volumes/hd2/jeff/paprica/ref_genome_database/eukarya/combined_18S.eukarya.tax.Bacillariophyta.raxml.bestModel

Execution log saved to: /volumes/hd2/jeff/paprica/ref_genome_database/eukarya/combined_18S.eukarya.tax.Bacillariophyta.raxml.log

Analysis started: 28-Jan-2021 04:33:10 / finished: 28-Jan-2021 04:36:27

Elapsed time: 196.293 seconds

Consumed energy: 9.727 Wh

