
RAxML-NG v. 1.0.1 released on 19.09.2020 by The Exelixis Lab.
Developed by: Alexey M. Kozlov and Alexandros Stamatakis.
Contributors: Diego Darriba, Tomas Flouri, Benoit Morel, Sarah Lutteropp, Ben Bettisworth.
Latest version: https://github.com/amkozlov/raxml-ng
Questions/problems/suggestions? Please visit: https://groups.google.com/forum/#!forum/raxml

System: Intel(R) Xeon(R) CPU E5-2695 v4 @ 2.10GHz, 36 cores, 251 GB RAM

RAxML-NG was called at 27-Dec-2020 02:37:03 as follows:

raxml-ng --redo --search --msa /volumes/hd2/jeff/paprica/ref_genome_database/eukarya/combined_18S.eukarya.tax.Cryptophyta.raxml.rba --prefix /volumes/hd2/jeff/paprica/ref_genome_database/eukarya/combined_18S.eukarya.tax.Cryptophyta --workers 18 --tree pars{9},rand{9} --threads 36

Analysis options:
  run mode: ML tree search
  start tree(s): random (9) + parsimony (9)
  random seed: 1609065423
  tip-inner: OFF
  pattern compression: ON
  per-rate scalers: OFF
  site repeats: ON
  fast spr radius: AUTO
  spr subtree cutoff: 1.000000
  branch lengths: proportional (ML estimate, algorithm: NR-FAST)
  SIMD kernels: AVX2
  parallelization: coarse-grained (18 workers), PTHREADS (36 threads), thread pinning: OFF

WARNING: Running in REDO mode: existing checkpoints are ignored, and all result files will be overwritten!

[00:00:00] Loading binary alignment from file: /volumes/hd2/jeff/paprica/ref_genome_database/eukarya/combined_18S.eukarya.tax.Cryptophyta.raxml.rba
[00:00:00] Alignment comprises 61 taxa, 1 partitions and 567 patterns

Partition 0: noname
Model: GTR+FO+G4m
Alignment sites / patterns: 1774 / 567
Gaps: 6.27 %
Invariant sites: 67.98 %


Parallel reduction/worker buffer size: 1 KB  / 0 KB

[00:00:00] Generating 9 random starting tree(s) with 61 taxa
[00:00:00] Generating 9 parsimony starting tree(s) with 61 taxa
[00:00:00] Data distribution: max. partitions/sites/weight per thread: 1 / 284 / 4544
[00:00:00] Data distribution: max. searches per worker: 1

Starting ML tree search with 18 distinct starting trees

[00:00:00 -28943.923938] Initial branch length optimization
[00:00:00 -25656.326739] Model parameter optimization (eps = 10.000000)
[00:00:00 -23354.156593] AUTODETECT spr round 1 (radius: 5)
[00:00:00 -15024.562385] AUTODETECT spr round 2 (radius: 10)
[00:00:01 -13888.349485] AUTODETECT spr round 3 (radius: 15)
[00:00:01 -13888.336837] SPR radius for FAST iterations: 10 (autodetect)
[00:00:01 -13888.336837] Model parameter optimization (eps = 3.000000)
[00:00:01 -13868.049702] FAST spr round 1 (radius: 10)
[00:00:02 -12997.282727] FAST spr round 2 (radius: 10)
[00:00:02 -12986.069793] FAST spr round 3 (radius: 10)
[00:00:03 -12985.285734] FAST spr round 4 (radius: 10)
[00:00:03 -12985.086311] FAST spr round 5 (radius: 10)
[00:00:03 -12984.934516] FAST spr round 6 (radius: 10)
[00:00:04 -12984.934510] Model parameter optimization (eps = 1.000000)
[00:00:04 -12984.315805] SLOW spr round 1 (radius: 5)
[00:00:05] [worker #9] ML tree search #10, logLikelihood: -12987.404381
[00:00:05 -12984.315483] SLOW spr round 2 (radius: 10)
[00:00:05] [worker #10] ML tree search #11, logLikelihood: -12987.391421
[00:00:05] [worker #12] ML tree search #13, logLikelihood: -12987.395471
[00:00:05] [worker #14] ML tree search #15, logLikelihood: -12989.238218
[00:00:05] [worker #11] ML tree search #12, logLikelihood: -12986.001891
[00:00:06] [worker #13] ML tree search #14, logLikelihood: -12989.229584
[00:00:06] [worker #15] ML tree search #16, logLikelihood: -12989.234577
[00:00:06] [worker #2] ML tree search #3, logLikelihood: -12984.659634
[00:00:06] [worker #17] ML tree search #18, logLikelihood: -12987.388899
[00:00:06 -12984.315470] SLOW spr round 3 (radius: 15)
[00:00:06] [worker #1] ML tree search #2, logLikelihood: -12984.665469
[00:00:06] [worker #4] ML tree search #5, logLikelihood: -12984.188065
[00:00:06] [worker #3] ML tree search #4, logLikelihood: -12984.663625
[00:00:06] [worker #16] ML tree search #17, logLikelihood: -12987.393946
[00:00:07] [worker #8] ML tree search #9, logLikelihood: -12984.063174
[00:00:07] [worker #6] ML tree search #7, logLikelihood: -12984.316413
[00:00:07] [worker #7] ML tree search #8, logLikelihood: -12984.657976
[00:00:07 -12984.315469] SLOW spr round 4 (radius: 20)
[00:00:07 -12984.315469] SLOW spr round 5 (radius: 25)
[00:00:07 -12984.315469] Model parameter optimization (eps = 0.100000)

[00:00:08] [worker #0] ML tree search #1, logLikelihood: -12984.187927

[00:00:08] [worker #5] ML tree search #6, logLikelihood: -12984.671047

Optimized model parameters:

   Partition 0: noname
   Rate heterogeneity: GAMMA (4 cats, mean),  alpha: 0.199337 (ML),  weights&rates: (0.250000,0.000519) (0.250000,0.033394) (0.250000,0.381926) (0.250000,3.584161) 
   Base frequencies (ML): 0.242805 0.215564 0.267122 0.274509 
   Substitution rates (ML): 0.789654 1.340863 0.731507 0.940193 2.421923 1.000000 


Final LogLikelihood: -12984.063174

AIC score: 26224.126348 / AICc score: 26244.201728 / BIC score: 26925.693345
Free parameters (model + branch lengths): 128

WARNING: Best ML tree contains 4 near-zero branches!

Best ML tree with collapsed near-zero branches saved to: /volumes/hd2/jeff/paprica/ref_genome_database/eukarya/combined_18S.eukarya.tax.Cryptophyta.raxml.bestTreeCollapsed
Best ML tree saved to: /volumes/hd2/jeff/paprica/ref_genome_database/eukarya/combined_18S.eukarya.tax.Cryptophyta.raxml.bestTree
All ML trees saved to: /volumes/hd2/jeff/paprica/ref_genome_database/eukarya/combined_18S.eukarya.tax.Cryptophyta.raxml.mlTrees
Optimized model saved to: /volumes/hd2/jeff/paprica/ref_genome_database/eukarya/combined_18S.eukarya.tax.Cryptophyta.raxml.bestModel

Execution log saved to: /volumes/hd2/jeff/paprica/ref_genome_database/eukarya/combined_18S.eukarya.tax.Cryptophyta.raxml.log

Analysis started: 27-Dec-2020 02:37:03 / finished: 27-Dec-2020 02:37:11

Elapsed time: 8.506 seconds

Consumed energy: 0.401 Wh

