
RAxML-NG v. 1.0.1 released on 19.09.2020 by The Exelixis Lab.
Developed by: Alexey M. Kozlov and Alexandros Stamatakis.
Contributors: Diego Darriba, Tomas Flouri, Benoit Morel, Sarah Lutteropp, Ben Bettisworth.
Latest version: https://github.com/amkozlov/raxml-ng
Questions/problems/suggestions? Please visit: https://groups.google.com/forum/#!forum/raxml

System: Intel(R) Xeon(R) CPU E5-2695 v4 @ 2.10GHz, 36 cores, 251 GB RAM

RAxML-NG was called at 28-Jan-2021 06:29:20 as follows:

raxml-ng --redo --search --msa /volumes/hd2/jeff/paprica/ref_genome_database/eukarya/combined_18S.eukarya.tax.Hilomonadea.raxml.rba --prefix /volumes/hd2/jeff/paprica/ref_genome_database/eukarya/combined_18S.eukarya.tax.Hilomonadea --workers 18 --tree pars{9},rand{9} --threads 36

Analysis options:
  run mode: ML tree search
  start tree(s): random (9) + parsimony (9)
  random seed: 1611844160
  tip-inner: OFF
  pattern compression: ON
  per-rate scalers: OFF
  site repeats: ON
  fast spr radius: AUTO
  spr subtree cutoff: 1.000000
  branch lengths: proportional (ML estimate, algorithm: NR-FAST)
  SIMD kernels: AVX2
  parallelization: coarse-grained (18 workers), PTHREADS (36 threads), thread pinning: OFF

WARNING: Running in REDO mode: existing checkpoints are ignored, and all result files will be overwritten!

[00:00:00] Loading binary alignment from file: /volumes/hd2/jeff/paprica/ref_genome_database/eukarya/combined_18S.eukarya.tax.Hilomonadea.raxml.rba
[00:00:00] Alignment comprises 11 taxa, 1 partitions and 242 patterns

Partition 0: noname
Model: GTR+FO+G4m
Alignment sites / patterns: 1745 / 242
Gaps: 2.10 %
Invariant sites: 70.43 %


Parallel reduction/worker buffer size: 1 KB  / 0 KB

[00:00:00] Generating 9 random starting tree(s) with 11 taxa
[00:00:00] Generating 9 parsimony starting tree(s) with 11 taxa
[00:00:00] Data distribution: max. partitions/sites/weight per thread: 1 / 121 / 1936
[00:00:00] Data distribution: max. searches per worker: 1

Starting ML tree search with 18 distinct starting trees

[00:00:00 -8378.521335] Initial branch length optimization
[00:00:00 -6933.587843] Model parameter optimization (eps = 10.000000)
[00:00:00 -6233.950567] AUTODETECT spr round 1 (radius: 5)
[00:00:00 -5528.462684] AUTODETECT spr round 2 (radius: 10)
[00:00:00 -5528.438353] SPR radius for FAST iterations: 5 (autodetect)
[00:00:00 -5528.438353] Model parameter optimization (eps = 3.000000)
[00:00:00 -5520.906552] FAST spr round 1 (radius: 5)
[00:00:00] [worker #15] ML tree search #16, logLikelihood: -5465.121390
[00:00:00] [worker #17] ML tree search #18, logLikelihood: -5465.126476
[00:00:00] [worker #12] ML tree search #13, logLikelihood: -5465.127395
[00:00:00 -5520.776238] FAST spr round 2 (radius: 5)
[00:00:00] [worker #11] ML tree search #12, logLikelihood: -5465.126761
[00:00:00] [worker #9] ML tree search #10, logLikelihood: -5465.127527
[00:00:00] [worker #10] ML tree search #11, logLikelihood: -5465.127710
[00:00:00] [worker #13] ML tree search #14, logLikelihood: -5465.127404
[00:00:00] [worker #5] ML tree search #6, logLikelihood: -5465.117361
[00:00:00] [worker #8] ML tree search #9, logLikelihood: -5465.118338
[00:00:00 -5520.756641] Model parameter optimization (eps = 1.000000)
[00:00:00] [worker #4] ML tree search #5, logLikelihood: -5465.126463
[00:00:00] [worker #14] ML tree search #15, logLikelihood: -5465.127374
[00:00:00] [worker #16] ML tree search #17, logLikelihood: -5465.127644
[00:00:00] [worker #7] ML tree search #8, logLikelihood: -5465.129443
[00:00:00 -5468.488972] SLOW spr round 1 (radius: 5)
[00:00:00 -5465.451883] SLOW spr round 2 (radius: 5)
[00:00:00] [worker #3] ML tree search #4, logLikelihood: -5465.126023
[00:00:00] [worker #2] ML tree search #3, logLikelihood: -5467.371996
[00:00:00] [worker #6] ML tree search #7, logLikelihood: -5465.132701
[00:00:00] [worker #1] ML tree search #2, logLikelihood: -5465.127658
[00:00:00 -5465.451743] SLOW spr round 3 (radius: 10)
[00:00:00 -5465.451740] Model parameter optimization (eps = 0.100000)

[00:00:00] [worker #0] ML tree search #1, logLikelihood: -5465.133332


Optimized model parameters:

   Partition 0: noname
   Rate heterogeneity: GAMMA (4 cats, mean),  alpha: 0.238760 (ML),  weights&rates: (0.250000,0.001629) (0.250000,0.058701) (0.250000,0.477175) (0.250000,3.462495) 
   Base frequencies (ML): 0.265191 0.196542 0.262492 0.275775 
   Substitution rates (ML): 0.938107 1.716881 0.847420 0.874051 4.077699 1.000000 


Final LogLikelihood: -5465.117361

AIC score: 10986.234722 / AICc score: 10987.181109 / BIC score: 11139.240997
Free parameters (model + branch lengths): 28

WARNING: Best ML tree contains 1 near-zero branches!

Best ML tree with collapsed near-zero branches saved to: /volumes/hd2/jeff/paprica/ref_genome_database/eukarya/combined_18S.eukarya.tax.Hilomonadea.raxml.bestTreeCollapsed
Best ML tree saved to: /volumes/hd2/jeff/paprica/ref_genome_database/eukarya/combined_18S.eukarya.tax.Hilomonadea.raxml.bestTree
All ML trees saved to: /volumes/hd2/jeff/paprica/ref_genome_database/eukarya/combined_18S.eukarya.tax.Hilomonadea.raxml.mlTrees
Optimized model saved to: /volumes/hd2/jeff/paprica/ref_genome_database/eukarya/combined_18S.eukarya.tax.Hilomonadea.raxml.bestModel

Execution log saved to: /volumes/hd2/jeff/paprica/ref_genome_database/eukarya/combined_18S.eukarya.tax.Hilomonadea.raxml.log

Analysis started: 28-Jan-2021 06:29:20 / finished: 28-Jan-2021 06:29:21

Elapsed time: 0.482 seconds

