
RAxML-NG v. 1.0.1 released on 19.09.2020 by The Exelixis Lab.
Developed by: Alexey M. Kozlov and Alexandros Stamatakis.
Contributors: Diego Darriba, Tomas Flouri, Benoit Morel, Sarah Lutteropp, Ben Bettisworth.
Latest version: https://github.com/amkozlov/raxml-ng
Questions/problems/suggestions? Please visit: https://groups.google.com/forum/#!forum/raxml

System: Intel(R) Xeon(R) CPU E5-2695 v4 @ 2.10GHz, 36 cores, 251 GB RAM

RAxML-NG was called at 25-Mar-2022 19:06:48 as follows:

raxml-ng --redo --search --msa /volumes/hd2/jeff/paprica/ref_genome_database/bacteria/combined_16S.23S.bacteria.tax.Fusobacteria.raxml.rba --prefix /volumes/hd2/jeff/paprica/ref_genome_database/bacteria/combined_16S.23S.bacteria.tax.Fusobacteria --workers 18 --tree pars{9},rand{9} --threads 36

Analysis options:
  run mode: ML tree search
  start tree(s): random (9) + parsimony (9)
  random seed: 1648260408
  tip-inner: OFF
  pattern compression: ON
  per-rate scalers: OFF
  site repeats: ON
  fast spr radius: AUTO
  spr subtree cutoff: 1.000000
  branch lengths: proportional (ML estimate, algorithm: NR-FAST)
  SIMD kernels: AVX2
  parallelization: coarse-grained (18 workers), PTHREADS (36 threads), thread pinning: OFF

WARNING: Running in REDO mode: existing checkpoints are ignored, and all result files will be overwritten!

[00:00:00] Loading binary alignment from file: /volumes/hd2/jeff/paprica/ref_genome_database/bacteria/combined_16S.23S.bacteria.tax.Fusobacteria.raxml.rba
[00:00:00] Alignment comprises 66 taxa, 2 partitions and 1541 patterns

Partition 0: 16S
Model: GTR+FO+G4m+B
Alignment sites / patterns: 1537 / 450
Gaps: 1.75 %
Invariant sites: 69.10 %

Partition 1: 23S
Model: GTR+FO+G4m+B
Alignment sites / patterns: 3029 / 1091
Gaps: 4.02 %
Invariant sites: 61.37 %


Parallel reduction/worker buffer size: 1 KB  / 0 KB

[00:00:00] Generating 9 random starting tree(s) with 66 taxa
[00:00:00] Generating 9 parsimony starting tree(s) with 66 taxa
[00:00:00] Data distribution: max. partitions/sites/weight per thread: 2 / 771 / 12336
[00:00:00] Data distribution: max. searches per worker: 1

Starting ML tree search with 18 distinct starting trees

[00:00:00 -96100.388485] Initial branch length optimization
[00:00:00 -72707.689164] Model parameter optimization (eps = 10.000000)
[00:00:06 -63155.933312] AUTODETECT spr round 1 (radius: 5)
[00:00:06 -48087.399321] AUTODETECT spr round 2 (radius: 10)
[00:00:08 -38168.714243] AUTODETECT spr round 3 (radius: 15)
[00:00:08 -37939.736074] AUTODETECT spr round 4 (radius: 20)
[00:00:09 -37939.687780] SPR radius for FAST iterations: 15 (autodetect)
[00:00:09 -37939.687780] Model parameter optimization (eps = 3.000000)
[00:00:10 -37388.899172] FAST spr round 1 (radius: 15)
[00:00:12 -35849.180939] FAST spr round 2 (radius: 15)
[00:00:13 -35756.375269] FAST spr round 3 (radius: 15)
[00:00:14 -35756.375193] Model parameter optimization (eps = 1.000000)
[00:00:15 -35739.514854] SLOW spr round 1 (radius: 5)
[00:00:15] [worker #15] ML tree search #16, logLikelihood: -35732.483967
[00:00:15] [worker #12] ML tree search #13, logLikelihood: -35732.063016
[00:00:17] [worker #14] ML tree search #15, logLikelihood: -35738.664144
[00:00:17] [worker #17] ML tree search #18, logLikelihood: -35738.663188
[00:00:17] [worker #13] ML tree search #14, logLikelihood: -35739.467147
[00:00:17 -35739.513211] SLOW spr round 2 (radius: 10)
[00:00:17] [worker #10] ML tree search #11, logLikelihood: -35738.664415
[00:00:18] [worker #16] ML tree search #17, logLikelihood: -35731.249188
[00:00:18] [worker #9] ML tree search #10, logLikelihood: -35731.247644
[00:00:19 -35739.513081] SLOW spr round 3 (radius: 15)
[00:00:19] [worker #11] ML tree search #12, logLikelihood: -35738.663848
[00:00:21 -35739.513073] SLOW spr round 4 (radius: 20)
[00:00:22] [worker #7] ML tree search #8, logLikelihood: -35738.660736
[00:00:23 -35739.513073] SLOW spr round 5 (radius: 25)
[00:00:23] [worker #4] ML tree search #5, logLikelihood: -35731.251174
[00:00:24] [worker #1] ML tree search #2, logLikelihood: -35731.695011
[00:00:24] [worker #3] ML tree search #4, logLikelihood: -35739.480535
[00:00:24] [worker #5] ML tree search #6, logLikelihood: -35738.679023
[00:00:25 -35739.513073] Model parameter optimization (eps = 0.100000)
[00:00:25] [worker #8] ML tree search #9, logLikelihood: -35731.687776

[00:00:25] [worker #0] ML tree search #1, logLikelihood: -35739.472117

[00:00:25] [worker #2] ML tree search #3, logLikelihood: -35739.470256
[00:00:27] [worker #6] ML tree search #7, logLikelihood: -35738.668734


Final LogLikelihood: -35731.247644

AIC score: 71758.495287 / AICc score: 71768.480345 / BIC score: 72709.601426
Free parameters (model + branch lengths): 148

WARNING: Best ML tree contains 1 near-zero branches!

Best ML tree with collapsed near-zero branches saved to: /volumes/hd2/jeff/paprica/ref_genome_database/bacteria/combined_16S.23S.bacteria.tax.Fusobacteria.raxml.bestTreeCollapsed
Best ML tree saved to: /volumes/hd2/jeff/paprica/ref_genome_database/bacteria/combined_16S.23S.bacteria.tax.Fusobacteria.raxml.bestTree
All ML trees saved to: /volumes/hd2/jeff/paprica/ref_genome_database/bacteria/combined_16S.23S.bacteria.tax.Fusobacteria.raxml.mlTrees
Optimized model saved to: /volumes/hd2/jeff/paprica/ref_genome_database/bacteria/combined_16S.23S.bacteria.tax.Fusobacteria.raxml.bestModel

Execution log saved to: /volumes/hd2/jeff/paprica/ref_genome_database/bacteria/combined_16S.23S.bacteria.tax.Fusobacteria.raxml.log

Analysis started: 25-Mar-2022 19:06:48 / finished: 25-Mar-2022 19:07:15

Elapsed time: 27.046 seconds

Consumed energy: 20496382252.373 Wh (= 102481911 km in an electric car, or 512409556 km with an e-scooter!)

