
RAxML-NG v. 1.0.1 released on 19.09.2020 by The Exelixis Lab.
Developed by: Alexey M. Kozlov and Alexandros Stamatakis.
Contributors: Diego Darriba, Tomas Flouri, Benoit Morel, Sarah Lutteropp, Ben Bettisworth.
Latest version: https://github.com/amkozlov/raxml-ng
Questions/problems/suggestions? Please visit: https://groups.google.com/forum/#!forum/raxml

System: Intel(R) Xeon(R) CPU E5-2695 v4 @ 2.10GHz, 36 cores, 251 GB RAM

RAxML-NG was called at 28-Jan-2021 06:29:55 as follows:

raxml-ng --redo --search --msa /volumes/hd2/jeff/paprica/ref_genome_database/eukarya/combined_18S.eukarya.tax.Haptophyta.raxml.rba --prefix /volumes/hd2/jeff/paprica/ref_genome_database/eukarya/combined_18S.eukarya.tax.Haptophyta --workers 18 --tree pars{9},rand{9} --threads 36

Analysis options:
  run mode: ML tree search
  start tree(s): random (9) + parsimony (9)
  random seed: 1611844195
  tip-inner: OFF
  pattern compression: ON
  per-rate scalers: OFF
  site repeats: ON
  fast spr radius: AUTO
  spr subtree cutoff: 1.000000
  branch lengths: proportional (ML estimate, algorithm: NR-FAST)
  SIMD kernels: AVX2
  parallelization: coarse-grained (18 workers), PTHREADS (36 threads), thread pinning: OFF

WARNING: Running in REDO mode: existing checkpoints are ignored, and all result files will be overwritten!

[00:00:00] Loading binary alignment from file: /volumes/hd2/jeff/paprica/ref_genome_database/eukarya/combined_18S.eukarya.tax.Haptophyta.raxml.rba
[00:00:00] Alignment comprises 121 taxa, 1 partitions and 710 patterns

Partition 0: noname
Model: GTR+FO+G4m
Alignment sites / patterns: 1772 / 710
Gaps: 4.66 %
Invariant sites: 61.23 %


Parallel reduction/worker buffer size: 1 KB  / 0 KB

[00:00:00] Generating 9 random starting tree(s) with 121 taxa
[00:00:00] Generating 9 parsimony starting tree(s) with 121 taxa
[00:00:00] Data distribution: max. partitions/sites/weight per thread: 1 / 355 / 5680
[00:00:00] Data distribution: max. searches per worker: 1

Starting ML tree search with 18 distinct starting trees

[00:00:00 -53402.240517] Initial branch length optimization
[00:00:00 -46050.322821] Model parameter optimization (eps = 10.000000)
[00:00:01 -41917.085580] AUTODETECT spr round 1 (radius: 5)
[00:00:02 -27575.844528] AUTODETECT spr round 2 (radius: 10)
[00:00:03 -22127.312371] AUTODETECT spr round 3 (radius: 15)
[00:00:05 -21694.980396] AUTODETECT spr round 4 (radius: 20)
[00:00:06 -21694.972969] SPR radius for FAST iterations: 15 (autodetect)
[00:00:06 -21694.972969] Model parameter optimization (eps = 3.000000)
[00:00:07 -21646.486110] FAST spr round 1 (radius: 15)
[00:00:08 -19583.075048] FAST spr round 2 (radius: 15)
[00:00:10 -19550.625795] FAST spr round 3 (radius: 15)
[00:00:10 -19549.422699] FAST spr round 4 (radius: 15)
[00:00:11 -19549.422653] Model parameter optimization (eps = 1.000000)
[00:00:11 -19548.214492] SLOW spr round 1 (radius: 5)
[00:00:14 -19540.457626] SLOW spr round 2 (radius: 5)
[00:00:17 -19535.408601] SLOW spr round 3 (radius: 5)
[00:00:18] [worker #13] ML tree search #14, logLikelihood: -19524.992933
[00:00:18] [worker #9] ML tree search #10, logLikelihood: -19536.785873
[00:00:18] [worker #12] ML tree search #13, logLikelihood: -19522.791167
[00:00:19 -19535.408390] SLOW spr round 4 (radius: 10)
[00:00:20] [worker #16] ML tree search #17, logLikelihood: -19556.074084
[00:00:21] [worker #11] ML tree search #12, logLikelihood: -19522.570924
[00:00:21] [worker #17] ML tree search #18, logLikelihood: -19527.153836
[00:00:22 -19535.408387] SLOW spr round 5 (radius: 15)
[00:00:22] [worker #14] ML tree search #15, logLikelihood: -19535.521662
[00:00:23] [worker #8] ML tree search #9, logLikelihood: -19542.259127
[00:00:23] [worker #15] ML tree search #16, logLikelihood: -19539.824657
[00:00:23] [worker #10] ML tree search #11, logLikelihood: -19526.922772
[00:00:24] [worker #2] ML tree search #3, logLikelihood: -19522.557333
[00:00:26] [worker #7] ML tree search #8, logLikelihood: -19522.563467
[00:00:26 -19535.408387] SLOW spr round 6 (radius: 20)
[00:00:26] [worker #6] ML tree search #7, logLikelihood: -19525.384642
[00:00:27] [worker #1] ML tree search #2, logLikelihood: -19526.923863
[00:00:27] [worker #3] ML tree search #4, logLikelihood: -19522.567919
[00:00:27] [worker #4] ML tree search #5, logLikelihood: -19522.789518
[00:00:29] [worker #5] ML tree search #6, logLikelihood: -19539.839008
[00:00:29 -19535.408387] SLOW spr round 7 (radius: 25)
[00:00:30 -19535.408387] Model parameter optimization (eps = 0.100000)

[00:00:30] [worker #0] ML tree search #1, logLikelihood: -19535.345303


Optimized model parameters:

   Partition 0: noname
   Rate heterogeneity: GAMMA (4 cats, mean),  alpha: 0.220880 (ML),  weights&rates: (0.250000,0.001020) (0.250000,0.046622) (0.250000,0.435932) (0.250000,3.516425) 
   Base frequencies (ML): 0.219479 0.224965 0.277284 0.278272 
   Substitution rates (ML): 0.659085 1.069925 0.596465 1.161266 2.383057 1.000000 


Final LogLikelihood: -19522.557333

AIC score: 39541.114665 / AICc score: 39622.207245 / BIC score: 40900.120970
Free parameters (model + branch lengths): 248

WARNING: Best ML tree contains 8 near-zero branches!

Best ML tree with collapsed near-zero branches saved to: /volumes/hd2/jeff/paprica/ref_genome_database/eukarya/combined_18S.eukarya.tax.Haptophyta.raxml.bestTreeCollapsed
Best ML tree saved to: /volumes/hd2/jeff/paprica/ref_genome_database/eukarya/combined_18S.eukarya.tax.Haptophyta.raxml.bestTree
All ML trees saved to: /volumes/hd2/jeff/paprica/ref_genome_database/eukarya/combined_18S.eukarya.tax.Haptophyta.raxml.mlTrees
Optimized model saved to: /volumes/hd2/jeff/paprica/ref_genome_database/eukarya/combined_18S.eukarya.tax.Haptophyta.raxml.bestModel

Execution log saved to: /volumes/hd2/jeff/paprica/ref_genome_database/eukarya/combined_18S.eukarya.tax.Haptophyta.raxml.log

Analysis started: 28-Jan-2021 06:29:55 / finished: 28-Jan-2021 06:30:25

Elapsed time: 30.692 seconds

Consumed energy: 1.460 Wh

