
RAxML-NG v. 1.0.1 released on 19.09.2020 by The Exelixis Lab.
Developed by: Alexey M. Kozlov and Alexandros Stamatakis.
Contributors: Diego Darriba, Tomas Flouri, Benoit Morel, Sarah Lutteropp, Ben Bettisworth.
Latest version: https://github.com/amkozlov/raxml-ng
Questions/problems/suggestions? Please visit: https://groups.google.com/forum/#!forum/raxml

System: Intel(R) Xeon(R) CPU E5-2695 v4 @ 2.10GHz, 36 cores, 251 GB RAM

RAxML-NG was called at 25-Mar-2022 01:50:47 as follows:

raxml-ng --redo --search --msa /volumes/hd2/jeff/paprica/ref_genome_database/bacteria/combined_16S.23S.bacteria.tax.Bacteroidetes.raxml.rba --prefix /volumes/hd2/jeff/paprica/ref_genome_database/bacteria/combined_16S.23S.bacteria.tax.Bacteroidetes --workers 18 --tree pars{9},rand{9} --threads 36

Analysis options:
  run mode: ML tree search
  start tree(s): random (9) + parsimony (9)
  random seed: 1648198247
  tip-inner: OFF
  pattern compression: ON
  per-rate scalers: OFF
  site repeats: ON
  fast spr radius: AUTO
  spr subtree cutoff: 1.000000
  branch lengths: proportional (ML estimate, algorithm: NR-FAST)
  SIMD kernels: AVX2
  parallelization: coarse-grained (18 workers), PTHREADS (36 threads), thread pinning: OFF

WARNING: Running in REDO mode: existing checkpoints are ignored, and all result files will be overwritten!

[00:00:00] Loading binary alignment from file: /volumes/hd2/jeff/paprica/ref_genome_database/bacteria/combined_16S.23S.bacteria.tax.Bacteroidetes.raxml.rba
[00:00:00] Alignment comprises 793 taxa, 2 partitions and 3547 patterns

Partition 0: 16S
Model: GTR+FO+G4m+B
Alignment sites / patterns: 1727 / 1090
Gaps: 11.81 %
Invariant sites: 40.71 %

Partition 1: 23S
Model: GTR+FO+G4m+B
Alignment sites / patterns: 4937 / 2457
Gaps: 42.50 %
Invariant sites: 43.51 %


Parallel reduction/worker buffer size: 1 KB  / 0 KB

[00:00:00] Generating 9 random starting tree(s) with 793 taxa
[00:00:00] Generating 9 parsimony starting tree(s) with 793 taxa
[00:00:05] Data distribution: max. partitions/sites/weight per thread: 2 / 1774 / 28384
[00:00:05] Data distribution: max. searches per worker: 1

Starting ML tree search with 18 distinct starting trees

[00:00:07 -1621236.626773] Initial branch length optimization
[00:00:12 -1462717.350002] Model parameter optimization (eps = 10.000000)
[00:02:53 -1382229.652095] AUTODETECT spr round 1 (radius: 5)
[00:05:02 -997685.534957] AUTODETECT spr round 2 (radius: 10)
[00:07:19 -697177.595469] AUTODETECT spr round 3 (radius: 15)
[00:10:02 -596631.765567] AUTODETECT spr round 4 (radius: 20)
[00:13:49 -557325.531930] AUTODETECT spr round 5 (radius: 25)
[00:18:47 -556000.224876] SPR radius for FAST iterations: 25 (autodetect)
[00:18:47 -556000.224876] Model parameter optimization (eps = 3.000000)
[00:19:22 -553616.017192] FAST spr round 1 (radius: 25)
[00:21:43 -486664.816911] FAST spr round 2 (radius: 25)
[00:23:27 -484155.373298] FAST spr round 3 (radius: 25)
[00:25:00 -483856.983392] FAST spr round 4 (radius: 25)
[00:26:14 -483852.108801] FAST spr round 5 (radius: 25)
[00:27:27 -483844.403686] FAST spr round 6 (radius: 25)
[00:28:37 -483842.185369] FAST spr round 7 (radius: 25)
[00:29:47 -483841.116994] FAST spr round 8 (radius: 25)
[00:30:55 -483840.151833] FAST spr round 9 (radius: 25)
[00:32:00 -483839.419371] FAST spr round 10 (radius: 25)
[00:33:02 -483838.705207] FAST spr round 11 (radius: 25)
[00:34:02 -483837.989618] FAST spr round 12 (radius: 25)
[00:34:58 -483837.987916] Model parameter optimization (eps = 1.000000)
[00:35:16 -483803.438466] SLOW spr round 1 (radius: 5)
[00:37:26 -483730.995706] SLOW spr round 2 (radius: 5)
[00:39:16 -483729.684511] SLOW spr round 3 (radius: 5)
[00:41:02 -483729.683395] SLOW spr round 4 (radius: 10)
[00:43:05 -483728.162025] SLOW spr round 5 (radius: 5)
[00:44:46] [worker #17] ML tree search #18, logLikelihood: -483742.910209
[00:45:10] [worker #10] ML tree search #11, logLikelihood: -483707.859050
[00:45:35] [worker #16] ML tree search #17, logLikelihood: -483533.352532
[00:46:11 -483696.825093] SLOW spr round 6 (radius: 5)
[00:46:53] [worker #15] ML tree search #16, logLikelihood: -483575.969538
[00:48:27 -483696.137155] SLOW spr round 7 (radius: 5)
[00:49:21] [worker #9] ML tree search #10, logLikelihood: -483573.240697
[00:50:23 -483696.136352] SLOW spr round 8 (radius: 10)
[00:52:14 -483696.136346] SLOW spr round 9 (radius: 15)
[00:56:26] [worker #13] ML tree search #14, logLikelihood: -483583.141871
[00:56:30] [worker #14] ML tree search #15, logLikelihood: -483616.687955
[00:56:43 -483696.136346] SLOW spr round 10 (radius: 20)
[00:59:04] [worker #11] ML tree search #12, logLikelihood: -483589.007792
[00:59:26] [worker #8] ML tree search #9, logLikelihood: -483569.064778
[00:59:57] [worker #4] ML tree search #5, logLikelihood: -483581.664928
[01:00:37] [worker #1] ML tree search #2, logLikelihood: -483612.857452
[01:01:43] [worker #6] ML tree search #7, logLikelihood: -483562.767725
[01:02:38] [worker #7] ML tree search #8, logLikelihood: -483548.827168
[01:03:11] [worker #12] ML tree search #13, logLikelihood: -483766.046132
[01:03:33 -483696.136346] SLOW spr round 11 (radius: 25)
[01:03:57] [worker #5] ML tree search #6, logLikelihood: -483577.072109
[01:10:58] [worker #2] ML tree search #3, logLikelihood: -483589.801595
[01:12:39 -483696.136346] Model parameter optimization (eps = 0.100000)

[01:12:47] [worker #0] ML tree search #1, logLikelihood: -483695.338653

[01:13:09] [worker #3] ML tree search #4, logLikelihood: -483532.524183


Final LogLikelihood: -483532.524183

AIC score: 970269.048365 / AICc score: 971283.869942 / BIC score: 981169.817610
Free parameters (model + branch lengths): 1602

WARNING: Best ML tree contains 8 near-zero branches!

Best ML tree with collapsed near-zero branches saved to: /volumes/hd2/jeff/paprica/ref_genome_database/bacteria/combined_16S.23S.bacteria.tax.Bacteroidetes.raxml.bestTreeCollapsed
Best ML tree saved to: /volumes/hd2/jeff/paprica/ref_genome_database/bacteria/combined_16S.23S.bacteria.tax.Bacteroidetes.raxml.bestTree
All ML trees saved to: /volumes/hd2/jeff/paprica/ref_genome_database/bacteria/combined_16S.23S.bacteria.tax.Bacteroidetes.raxml.mlTrees
Optimized model saved to: /volumes/hd2/jeff/paprica/ref_genome_database/bacteria/combined_16S.23S.bacteria.tax.Bacteroidetes.raxml.bestModel

Execution log saved to: /volumes/hd2/jeff/paprica/ref_genome_database/bacteria/combined_16S.23S.bacteria.tax.Bacteroidetes.raxml.log

Analysis started: 25-Mar-2022 01:50:47 / finished: 25-Mar-2022 03:03:57

Elapsed time: 4389.776 seconds

Consumed energy: 2357083966899.757 Wh (= 11785419834 km in an electric car, or 58927099172 km with an e-scooter!)

