
RAxML-NG v. 1.0.1 released on 19.09.2020 by The Exelixis Lab.
Developed by: Alexey M. Kozlov and Alexandros Stamatakis.
Contributors: Diego Darriba, Tomas Flouri, Benoit Morel, Sarah Lutteropp, Ben Bettisworth.
Latest version: https://github.com/amkozlov/raxml-ng
Questions/problems/suggestions? Please visit: https://groups.google.com/forum/#!forum/raxml

System: Intel(R) Xeon(R) CPU E5-2695 v4 @ 2.10GHz, 36 cores, 251 GB RAM

RAxML-NG was called at 28-Jan-2021 06:26:20 as follows:

raxml-ng --redo --search --msa /volumes/hd2/jeff/paprica/ref_genome_database/eukarya/combined_18S.eukarya.tax.Opalozoa.raxml.rba --prefix /volumes/hd2/jeff/paprica/ref_genome_database/eukarya/combined_18S.eukarya.tax.Opalozoa --workers 18 --tree pars{9},rand{9} --threads 36

Analysis options:
  run mode: ML tree search
  start tree(s): random (9) + parsimony (9)
  random seed: 1611843980
  tip-inner: OFF
  pattern compression: ON
  per-rate scalers: OFF
  site repeats: ON
  fast spr radius: AUTO
  spr subtree cutoff: 1.000000
  branch lengths: proportional (ML estimate, algorithm: NR-FAST)
  SIMD kernels: AVX2
  parallelization: coarse-grained (18 workers), PTHREADS (36 threads), thread pinning: OFF

WARNING: Running in REDO mode: existing checkpoints are ignored, and all result files will be overwritten!

[00:00:00] Loading binary alignment from file: /volumes/hd2/jeff/paprica/ref_genome_database/eukarya/combined_18S.eukarya.tax.Opalozoa.raxml.rba
[00:00:00] Alignment comprises 106 taxa, 1 partitions and 1111 patterns

Partition 0: noname
Model: GTR+FO+G4m
Alignment sites / patterns: 1940 / 1111
Gaps: 14.92 %
Invariant sites: 42.06 %


Parallel reduction/worker buffer size: 1 KB  / 0 KB

[00:00:00] Generating 9 random starting tree(s) with 106 taxa
[00:00:00] Generating 9 parsimony starting tree(s) with 106 taxa
[00:00:00] Data distribution: max. partitions/sites/weight per thread: 1 / 556 / 8896
[00:00:00] Data distribution: max. searches per worker: 1

Starting ML tree search with 18 distinct starting trees

[00:00:00 -79207.141938] Initial branch length optimization
[00:00:00 -69063.630380] Model parameter optimization (eps = 10.000000)
[00:00:03 -63350.314992] AUTODETECT spr round 1 (radius: 5)
[00:00:04 -44776.180222] AUTODETECT spr round 2 (radius: 10)
[00:00:06 -36249.325212] AUTODETECT spr round 3 (radius: 15)
[00:00:08 -34568.310768] AUTODETECT spr round 4 (radius: 20)
[00:00:10 -34568.304996] SPR radius for FAST iterations: 15 (autodetect)
[00:00:10 -34568.304996] Model parameter optimization (eps = 3.000000)
[00:00:11 -34314.154730] FAST spr round 1 (radius: 15)
[00:00:13 -32533.154552] FAST spr round 2 (radius: 15)
[00:00:14 -32496.793401] FAST spr round 3 (radius: 15)
[00:00:15 -32496.791366] Model parameter optimization (eps = 1.000000)
[00:00:15 -32486.833842] SLOW spr round 1 (radius: 5)
[00:00:19 -32484.924935] SLOW spr round 2 (radius: 5)
[00:00:22 -32484.924183] SLOW spr round 3 (radius: 10)
[00:00:24] [worker #12] ML tree search #13, logLikelihood: -32480.672561
[00:00:25] [worker #13] ML tree search #14, logLikelihood: -32480.669305
[00:00:25 -32484.924137] SLOW spr round 4 (radius: 15)
[00:00:25] [worker #17] ML tree search #18, logLikelihood: -32480.521468
[00:00:26] [worker #11] ML tree search #12, logLikelihood: -32480.424066
[00:00:26] [worker #9] ML tree search #10, logLikelihood: -32484.844616
[00:00:26] [worker #14] ML tree search #15, logLikelihood: -32484.448420
[00:00:27] [worker #10] ML tree search #11, logLikelihood: -32480.423639
[00:00:28] [worker #16] ML tree search #17, logLikelihood: -32484.864576
[00:00:30 -32484.924134] SLOW spr round 5 (radius: 20)
[00:00:32] [worker #8] ML tree search #9, logLikelihood: -32480.588535
[00:00:32] [worker #15] ML tree search #16, logLikelihood: -32483.604692
[00:00:33] [worker #6] ML tree search #7, logLikelihood: -32480.598755
[00:00:33] [worker #1] ML tree search #2, logLikelihood: -32483.609470
[00:00:33] [worker #5] ML tree search #6, logLikelihood: -32480.433792
[00:00:34] [worker #7] ML tree search #8, logLikelihood: -32480.510987
[00:00:34 -32484.924134] SLOW spr round 6 (radius: 25)
[00:00:34] [worker #3] ML tree search #4, logLikelihood: -32484.869761
[00:00:34] [worker #2] ML tree search #3, logLikelihood: -32482.671964
[00:00:34] [worker #4] ML tree search #5, logLikelihood: -32480.919474
[00:00:35 -32484.924134] Model parameter optimization (eps = 0.100000)

[00:00:36] [worker #0] ML tree search #1, logLikelihood: -32484.861585


Optimized model parameters:

   Partition 0: noname
   Rate heterogeneity: GAMMA (4 cats, mean),  alpha: 0.289190 (ML),  weights&rates: (0.250000,0.004459) (0.250000,0.096116) (0.250000,0.577193) (0.250000,3.322231) 
   Base frequencies (ML): 0.235568 0.192261 0.254635 0.317536 
   Substitution rates (ML): 1.015959 2.241337 1.469085 1.028704 2.364351 1.000000 


Final LogLikelihood: -32480.423639

AIC score: 65396.847278 / AICc score: 65452.328975 / BIC score: 66611.203907
Free parameters (model + branch lengths): 218

WARNING: Best ML tree contains 16 near-zero branches!

Best ML tree with collapsed near-zero branches saved to: /volumes/hd2/jeff/paprica/ref_genome_database/eukarya/combined_18S.eukarya.tax.Opalozoa.raxml.bestTreeCollapsed
Best ML tree saved to: /volumes/hd2/jeff/paprica/ref_genome_database/eukarya/combined_18S.eukarya.tax.Opalozoa.raxml.bestTree
All ML trees saved to: /volumes/hd2/jeff/paprica/ref_genome_database/eukarya/combined_18S.eukarya.tax.Opalozoa.raxml.mlTrees
Optimized model saved to: /volumes/hd2/jeff/paprica/ref_genome_database/eukarya/combined_18S.eukarya.tax.Opalozoa.raxml.bestModel

Execution log saved to: /volumes/hd2/jeff/paprica/ref_genome_database/eukarya/combined_18S.eukarya.tax.Opalozoa.raxml.log

Analysis started: 28-Jan-2021 06:26:20 / finished: 28-Jan-2021 06:26:57

Elapsed time: 36.144 seconds

Consumed energy: 1.798 Wh

